{"C:\\Users\\Pichau\\Desktop\\_\\FarmaFacil-ReactJS\\src\\App.jsx": {"path":"C:\\Users\\Pichau\\Desktop\\_\\FarmaFacil-ReactJS\\src\\App.jsx","statementMap":{"0":{"start":{"line":28,"column":12},"end":{"line":145,"column":1}},"1":{"start":{"line":30,"column":2},"end":{"line":144,"column":3}}},"fnMap":{"0":{"name":"(anonymous_0)","decl":{"start":{"line":28,"column":12},"end":{"line":28,"column":13}},"loc":{"start":{"line":28,"column":18},"end":{"line":145,"column":1}},"line":28}},"branchMap":{},"s":{"0":2,"1":2},"f":{"0":2},"b":{},"_coverageSchema":"1a1c01bbd47fc00a2c39e90264f33305004495a9","hash":"3fb7f63c012291797054e213d104b31da1fbee0b"}
,"C:\\Users\\Pichau\\Desktop\\_\\FarmaFacil-ReactJS\\src\\main.jsx": {"path":"C:\\Users\\Pichau\\Desktop\\_\\FarmaFacil-ReactJS\\src\\main.jsx","statementMap":{"0":{"start":{"line":6,"column":0},"end":{"line":10,"column":1}}},"fnMap":{},"branchMap":{},"s":{"0":2},"f":{},"b":{},"_coverageSchema":"1a1c01bbd47fc00a2c39e90264f33305004495a9","hash":"4c902dfa9e534a47e2fdd5d400489a6f541c5490"}
,"C:\\Users\\Pichau\\Desktop\\_\\FarmaFacil-ReactJS\\src\\Components\\Buttons.jsx": {"path":"C:\\Users\\Pichau\\Desktop\\_\\FarmaFacil-ReactJS\\src\\Components\\Buttons.jsx","statementMap":{"0":{"start":{"line":7,"column":13},"end":{"line":7,"column":37}},"1":{"start":{"line":11,"column":19},"end":{"line":53,"column":1}},"2":{"start":{"line":12,"column":24},"end":{"line":27,"column":5}},"3":{"start":{"line":30,"column":4},"end":{"line":45,"column":5}},"4":{"start":{"line":32,"column":8},"end":{"line":38,"column":9}},"5":{"start":{"line":33,"column":12},"end":{"line":37,"column":14}},"6":{"start":{"line":40,"column":8},"end":{"line":44,"column":10}},"7":{"start":{"line":48,"column":4},"end":{"line":52,"column":6}},"8":{"start":{"line":57,"column":28},"end":{"line":107,"column":1}},"9":{"start":{"line":58,"column":21},"end":{"line":58,"column":34}},"10":{"start":{"line":60,"column":19},"end":{"line":67,"column":5}},"11":{"start":{"line":62,"column":8},"end":{"line":65,"column":9}},"12":{"start":{"line":63,"column":12},"end":{"line":63,"column":50}},"13":{"start":{"line":64,"column":12},"end":{"line":64,"column":49}},"14":{"start":{"line":66,"column":8},"end":{"line":66,"column":21}},"15":{"start":{"line":69,"column":4},"end":{"line":106,"column":6}},"16":{"start":{"line":109,"column":29},"end":{"line":123,"column":1}},"17":{"start":{"line":110,"column":4},"end":{"line":122,"column":6}},"18":{"start":{"line":125,"column":35},"end":{"line":139,"column":1}},"19":{"start":{"line":126,"column":4},"end":{"line":138,"column":6}},"20":{"start":{"line":141,"column":31},"end":{"line":158,"column":1}},"21":{"start":{"line":142,"column":4},"end":{"line":157,"column":6}},"22":{"start":{"line":160,"column":37},"end":{"line":177,"column":1}},"23":{"start":{"line":161,"column":4},"end":{"line":176,"column":6}}},"fnMap":{"0":{"name":"(anonymous_0)","decl":{"start":{"line":11,"column":19},"end":{"line":11,"column":20}},"loc":{"start":{"line":11,"column":74},"end":{"line":53,"column":1}},"line":11},"1":{"name":"(anonymous_1)","decl":{"start":{"line":57,"column":28},"end":{"line":57,"column":29}},"loc":{"start":{"line":57,"column":34},"end":{"line":107,"column":1}},"line":57},"2":{"name":"(anonymous_2)","decl":{"start":{"line":60,"column":19},"end":{"line":60,"column":20}},"loc":{"start":{"line":60,"column":25},"end":{"line":67,"column":5}},"line":60},"3":{"name":"(anonymous_3)","decl":{"start":{"line":109,"column":29},"end":{"line":109,"column":30}},"loc":{"start":{"line":109,"column":40},"end":{"line":123,"column":1}},"line":109},"4":{"name":"(anonymous_4)","decl":{"start":{"line":125,"column":35},"end":{"line":125,"column":36}},"loc":{"start":{"line":125,"column":46},"end":{"line":139,"column":1}},"line":125},"5":{"name":"(anonymous_5)","decl":{"start":{"line":141,"column":31},"end":{"line":141,"column":32}},"loc":{"start":{"line":141,"column":42},"end":{"line":158,"column":1}},"line":141},"6":{"name":"(anonymous_6)","decl":{"start":{"line":160,"column":37},"end":{"line":160,"column":38}},"loc":{"start":{"line":160,"column":48},"end":{"line":177,"column":1}},"line":160}},"branchMap":{"0":{"loc":{"start":{"line":11,"column":43},"end":{"line":11,"column":57}},"type":"default-arg","locations":[{"start":{"line":11,"column":55},"end":{"line":11,"column":57}}],"line":11},"1":{"loc":{"start":{"line":30,"column":4},"end":{"line":45,"column":5}},"type":"if","locations":[{"start":{"line":30,"column":4},"end":{"line":45,"column":5}},{"start":{},"end":{}}],"line":30},"2":{"loc":{"start":{"line":30,"column":8},"end":{"line":30,"column":19}},"type":"binary-expr","locations":[{"start":{"line":30,"column":8},"end":{"line":30,"column":12}},{"start":{"line":30,"column":16},"end":{"line":30,"column":19}}],"line":30},"3":{"loc":{"start":{"line":32,"column":8},"end":{"line":38,"column":9}},"type":"if","locations":[{"start":{"line":32,"column":8},"end":{"line":38,"column":9}},{"start":{},"end":{}}],"line":32},"4":{"loc":{"start":{"line":62,"column":8},"end":{"line":65,"column":9}},"type":"if","locations":[{"start":{"line":62,"column":8},"end":{"line":65,"column":9}},{"start":{},"end":{}}],"line":62},"5":{"loc":{"start":{"line":119,"column":18},"end":{"line":119,"column":39}},"type":"binary-expr","locations":[{"start":{"line":119,"column":18},"end":{"line":119,"column":33}},{"start":{"line":119,"column":37},"end":{"line":119,"column":39}}],"line":119},"6":{"loc":{"start":{"line":135,"column":18},"end":{"line":135,"column":39}},"type":"binary-expr","locations":[{"start":{"line":135,"column":18},"end":{"line":135,"column":33}},{"start":{"line":135,"column":37},"end":{"line":135,"column":39}}],"line":135},"7":{"loc":{"start":{"line":154,"column":18},"end":{"line":154,"column":39}},"type":"binary-expr","locations":[{"start":{"line":154,"column":18},"end":{"line":154,"column":33}},{"start":{"line":154,"column":37},"end":{"line":154,"column":39}}],"line":154},"8":{"loc":{"start":{"line":173,"column":18},"end":{"line":173,"column":39}},"type":"binary-expr","locations":[{"start":{"line":173,"column":18},"end":{"line":173,"column":33}},{"start":{"line":173,"column":37},"end":{"line":173,"column":39}}],"line":173}},"s":{"0":2,"1":2,"2":16,"3":16,"4":14,"5":0,"6":14,"7":2,"8":2,"9":4,"10":4,"11":0,"12":0,"13":0,"14":0,"15":4,"16":2,"17":10,"18":2,"19":0,"20":2,"21":6,"22":2,"23":0},"f":{"0":16,"1":4,"2":0,"3":10,"4":0,"5":6,"6":0},"b":{"0":[0],"1":[14,2],"2":[16,14],"3":[0,14],"4":[0,0],"5":[10,8],"6":[0,0],"7":[6,0],"8":[0,0]},"_coverageSchema":"1a1c01bbd47fc00a2c39e90264f33305004495a9","hash":"e0967e4d71722b58c9ba51f53354f4d07d3cd2c0"}
,"C:\\Users\\Pichau\\Desktop\\_\\FarmaFacil-ReactJS\\src\\Components\\ColorDictionary.jsx": {"path":"C:\\Users\\Pichau\\Desktop\\_\\FarmaFacil-ReactJS\\src\\Components\\ColorDictionary.jsx","statementMap":{"0":{"start":{"line":1,"column":15},"end":{"line":6,"column":1}},"1":{"start":{"line":9,"column":2},"end":{"line":13,"column":3}},"2":{"start":{"line":10,"column":4},"end":{"line":12,"column":5}},"3":{"start":{"line":11,"column":6},"end":{"line":11,"column":19}},"4":{"start":{"line":14,"column":2},"end":{"line":14,"column":14}}},"fnMap":{"0":{"name":"getColor","decl":{"start":{"line":8,"column":9},"end":{"line":8,"column":17}},"loc":{"start":{"line":8,"column":28},"end":{"line":15,"column":1}},"line":8}},"branchMap":{"0":{"loc":{"start":{"line":10,"column":4},"end":{"line":12,"column":5}},"type":"if","locations":[{"start":{"line":10,"column":4},"end":{"line":12,"column":5}},{"start":{},"end":{}}],"line":10}},"s":{"0":2,"1":2,"2":2,"3":2,"4":0},"f":{"0":2},"b":{"0":[2,0]},"_coverageSchema":"1a1c01bbd47fc00a2c39e90264f33305004495a9","hash":"75053b8a9702e373143f5d2444494c6d172ee44e"}
,"C:\\Users\\Pichau\\Desktop\\_\\FarmaFacil-ReactJS\\src\\Components\\Containers.jsx": {"path":"C:\\Users\\Pichau\\Desktop\\_\\FarmaFacil-ReactJS\\src\\Components\\Containers.jsx","statementMap":{"0":{"start":{"line":4,"column":4},"end":{"line":8,"column":5}},"1":{"start":{"line":11,"column":29},"end":{"line":26,"column":1}},"2":{"start":{"line":12,"column":4},"end":{"line":25,"column":5}},"3":{"start":{"line":28,"column":27},"end":{"line":67,"column":1}},"4":{"start":{"line":29,"column":4},"end":{"line":66,"column":5}}},"fnMap":{"0":{"name":"GenericContainer","decl":{"start":{"line":3,"column":9},"end":{"line":3,"column":25}},"loc":{"start":{"line":3,"column":51},"end":{"line":9,"column":1}},"line":3},"1":{"name":"(anonymous_1)","decl":{"start":{"line":11,"column":29},"end":{"line":11,"column":30}},"loc":{"start":{"line":11,"column":68},"end":{"line":26,"column":1}},"line":11},"2":{"name":"(anonymous_2)","decl":{"start":{"line":28,"column":27},"end":{"line":28,"column":28}},"loc":{"start":{"line":28,"column":91},"end":{"line":67,"column":1}},"line":28}},"branchMap":{"0":{"loc":{"start":{"line":35,"column":25},"end":{"line":35,"column":59}},"type":"binary-expr","locations":[{"start":{"line":35,"column":25},"end":{"line":35,"column":36}},{"start":{"line":35,"column":40},"end":{"line":35,"column":59}}],"line":35},"1":{"loc":{"start":{"line":42,"column":21},"end":{"line":42,"column":53}},"type":"binary-expr","locations":[{"start":{"line":42,"column":21},"end":{"line":42,"column":32}},{"start":{"line":42,"column":36},"end":{"line":42,"column":53}}],"line":42},"2":{"loc":{"start":{"line":46,"column":21},"end":{"line":46,"column":112}},"type":"binary-expr","locations":[{"start":{"line":46,"column":21},"end":{"line":46,"column":37}},{"start":{"line":46,"column":41},"end":{"line":46,"column":112}}],"line":46},"3":{"loc":{"start":{"line":53,"column":24},"end":{"line":53,"column":47}},"type":"binary-expr","locations":[{"start":{"line":53,"column":24},"end":{"line":53,"column":36}},{"start":{"line":53,"column":40},"end":{"line":53,"column":47}}],"line":53}},"s":{"0":2,"1":2,"2":2,"3":2,"4":0},"f":{"0":2,"1":2,"2":0},"b":{"0":[0,0],"1":[0,0],"2":[0,0],"3":[0,0]},"_coverageSchema":"1a1c01bbd47fc00a2c39e90264f33305004495a9","hash":"e4776b05d5dd52a0cf7635284f20a5773ee5c329"}
,"C:\\Users\\Pichau\\Desktop\\_\\FarmaFacil-ReactJS\\src\\Components\\Footer.jsx": {"path":"C:\\Users\\Pichau\\Desktop\\_\\FarmaFacil-ReactJS\\src\\Components\\Footer.jsx","statementMap":{"0":{"start":{"line":6,"column":21},"end":{"line":6,"column":34}},"1":{"start":{"line":7,"column":25},"end":{"line":7,"column":42}},"2":{"start":{"line":9,"column":4},"end":{"line":56,"column":5}},"3":{"start":{"line":10,"column":8},"end":{"line":49,"column":9}},"4":{"start":{"line":51,"column":8},"end":{"line":55,"column":9}}},"fnMap":{"0":{"name":"Footer","decl":{"start":{"line":5,"column":9},"end":{"line":5,"column":15}},"loc":{"start":{"line":5,"column":57},"end":{"line":57,"column":1}},"line":5}},"branchMap":{"0":{"loc":{"start":{"line":9,"column":4},"end":{"line":56,"column":5}},"type":"if","locations":[{"start":{"line":9,"column":4},"end":{"line":56,"column":5}},{"start":{"line":50,"column":11},"end":{"line":56,"column":5}}],"line":9},"1":{"loc":{"start":{"line":31,"column":47},"end":{"line":31,"column":103}},"type":"cond-expr","locations":[{"start":{"line":31,"column":80},"end":{"line":31,"column":98}},{"start":{"line":31,"column":101},"end":{"line":31,"column":103}}],"line":31},"2":{"loc":{"start":{"line":32,"column":31},"end":{"line":32,"column":87}},"type":"cond-expr","locations":[{"start":{"line":32,"column":64},"end":{"line":32,"column":82}},{"start":{"line":32,"column":85},"end":{"line":32,"column":87}}],"line":32},"3":{"loc":{"start":{"line":38,"column":47},"end":{"line":38,"column":106}},"type":"cond-expr","locations":[{"start":{"line":38,"column":83},"end":{"line":38,"column":101}},{"start":{"line":38,"column":104},"end":{"line":38,"column":106}}],"line":38},"4":{"loc":{"start":{"line":39,"column":31},"end":{"line":39,"column":90}},"type":"cond-expr","locations":[{"start":{"line":39,"column":67},"end":{"line":39,"column":85}},{"start":{"line":39,"column":88},"end":{"line":39,"column":90}}],"line":39},"5":{"loc":{"start":{"line":45,"column":47},"end":{"line":45,"column":112}},"type":"cond-expr","locations":[{"start":{"line":45,"column":89},"end":{"line":45,"column":107}},{"start":{"line":45,"column":110},"end":{"line":45,"column":112}}],"line":45},"6":{"loc":{"start":{"line":46,"column":31},"end":{"line":46,"column":96}},"type":"cond-expr","locations":[{"start":{"line":46,"column":73},"end":{"line":46,"column":91}},{"start":{"line":46,"column":94},"end":{"line":46,"column":96}}],"line":46}},"s":{"0":6,"1":6,"2":6,"3":6,"4":0},"f":{"0":6},"b":{"0":[6,0],"1":[4,2],"2":[4,2],"3":[0,6],"4":[0,6],"5":[0,6],"6":[0,6]},"_coverageSchema":"1a1c01bbd47fc00a2c39e90264f33305004495a9","hash":"c49fd48d5ccdf48c09c9ee1e34bebd4883db32f1"}
,"C:\\Users\\Pichau\\Desktop\\_\\FarmaFacil-ReactJS\\src\\Components\\Forms.jsx": {"path":"C:\\Users\\Pichau\\Desktop\\_\\FarmaFacil-ReactJS\\src\\Components\\Forms.jsx","statementMap":{"0":{"start":{"line":4,"column":4},"end":{"line":10,"column":5}}},"fnMap":{"0":{"name":"AuthForm","decl":{"start":{"line":3,"column":9},"end":{"line":3,"column":17}},"loc":{"start":{"line":3,"column":69},"end":{"line":11,"column":1}},"line":3}},"branchMap":{},"s":{"0":0},"f":{"0":0},"b":{},"_coverageSchema":"1a1c01bbd47fc00a2c39e90264f33305004495a9","hash":"a8cb731bc87ec6a278f9573751aa930075e3053f"}
,"C:\\Users\\Pichau\\Desktop\\_\\FarmaFacil-ReactJS\\src\\Components\\Inputs.jsx": {"path":"C:\\Users\\Pichau\\Desktop\\_\\FarmaFacil-ReactJS\\src\\Components\\Inputs.jsx","statementMap":{"0":{"start":{"line":11,"column":18},"end":{"line":23,"column":1}},"1":{"start":{"line":12,"column":2},"end":{"line":12,"column":24}},"2":{"start":{"line":12,"column":14},"end":{"line":12,"column":24}},"3":{"start":{"line":13,"column":22},"end":{"line":13,"column":38}},"4":{"start":{"line":15,"column":2},"end":{"line":22,"column":3}},"5":{"start":{"line":16,"column":21},"end":{"line":16,"column":54}},"6":{"start":{"line":17,"column":21},"end":{"line":17,"column":51}},"7":{"start":{"line":18,"column":21},"end":{"line":18,"column":49}},"8":{"start":{"line":19,"column":21},"end":{"line":19,"column":49}},"9":{"start":{"line":20,"column":21},"end":{"line":20,"column":50}},"10":{"start":{"line":21,"column":21},"end":{"line":21,"column":40}},"11":{"start":{"line":25,"column":20},"end":{"line":93,"column":1}},"12":{"start":{"line":36,"column":28},"end":{"line":36,"column":40}},"13":{"start":{"line":39,"column":2},"end":{"line":44,"column":24}},"14":{"start":{"line":42,"column":19},"end":{"line":42,"column":45}},"15":{"start":{"line":43,"column":4},"end":{"line":43,"column":21}},"16":{"start":{"line":46,"column":23},"end":{"line":62,"column":3}},"17":{"start":{"line":47,"column":23},"end":{"line":47,"column":37}},"18":{"start":{"line":50,"column":24},"end":{"line":50,"column":51}},"19":{"start":{"line":53,"column":4},"end":{"line":53,"column":26}},"20":{"start":{"line":56,"column":23},"end":{"line":56,"column":53}},"21":{"start":{"line":59,"column":4},"end":{"line":61,"column":5}},"22":{"start":{"line":60,"column":6},"end":{"line":60,"column":45}},"23":{"start":{"line":64,"column":2},"end":{"line":92,"column":4}},"24":{"start":{"line":95,"column":26},"end":{"line":119,"column":1}},"25":{"start":{"line":96,"column":2},"end":{"line":118,"column":3}},"26":{"start":{"line":121,"column":29},"end":{"line":145,"column":1}},"27":{"start":{"line":122,"column":2},"end":{"line":144,"column":3}}},"fnMap":{"0":{"name":"(anonymous_0)","decl":{"start":{"line":11,"column":18},"end":{"line":11,"column":19}},"loc":{"start":{"line":11,"column":39},"end":{"line":23,"column":1}},"line":11},"1":{"name":"(anonymous_1)","decl":{"start":{"line":25,"column":20},"end":{"line":25,"column":21}},"loc":{"start":{"line":35,"column":6},"end":{"line":93,"column":1}},"line":35},"2":{"name":"(anonymous_2)","decl":{"start":{"line":39,"column":12},"end":{"line":39,"column":13}},"loc":{"start":{"line":39,"column":18},"end":{"line":44,"column":3}},"line":39},"3":{"name":"(anonymous_3)","decl":{"start":{"line":46,"column":23},"end":{"line":46,"column":24}},"loc":{"start":{"line":46,"column":30},"end":{"line":62,"column":3}},"line":46},"4":{"name":"(anonymous_4)","decl":{"start":{"line":95,"column":26},"end":{"line":95,"column":27}},"loc":{"start":{"line":95,"column":122},"end":{"line":119,"column":1}},"line":95},"5":{"name":"(anonymous_5)","decl":{"start":{"line":121,"column":29},"end":{"line":121,"column":30}},"loc":{"start":{"line":121,"column":125},"end":{"line":145,"column":1}},"line":121}},"branchMap":{"0":{"loc":{"start":{"line":12,"column":2},"end":{"line":12,"column":24}},"type":"if","locations":[{"start":{"line":12,"column":2},"end":{"line":12,"column":24}},{"start":{},"end":{}}],"line":12},"1":{"loc":{"start":{"line":15,"column":2},"end":{"line":22,"column":3}},"type":"switch","locations":[{"start":{"line":16,"column":4},"end":{"line":16,"column":54}},{"start":{"line":17,"column":4},"end":{"line":17,"column":51}},{"start":{"line":18,"column":4},"end":{"line":18,"column":49}},{"start":{"line":19,"column":4},"end":{"line":19,"column":49}},{"start":{"line":20,"column":4},"end":{"line":20,"column":50}},{"start":{"line":21,"column":4},"end":{"line":21,"column":40}}],"line":15},"2":{"loc":{"start":{"line":27,"column":2},"end":{"line":27,"column":21}},"type":"default-arg","locations":[{"start":{"line":27,"column":19},"end":{"line":27,"column":21}}],"line":27},"3":{"loc":{"start":{"line":29,"column":2},"end":{"line":29,"column":21}},"type":"default-arg","locations":[{"start":{"line":29,"column":19},"end":{"line":29,"column":21}}],"line":29},"4":{"loc":{"start":{"line":30,"column":2},"end":{"line":30,"column":19}},"type":"default-arg","locations":[{"start":{"line":30,"column":17},"end":{"line":30,"column":19}}],"line":30},"5":{"loc":{"start":{"line":32,"column":9},"end":{"line":32,"column":23}},"type":"default-arg","locations":[{"start":{"line":32,"column":21},"end":{"line":32,"column":23}}],"line":32},"6":{"loc":{"start":{"line":59,"column":4},"end":{"line":61,"column":5}},"type":"if","locations":[{"start":{"line":59,"column":4},"end":{"line":61,"column":5}},{"start":{},"end":{}}],"line":59},"7":{"loc":{"start":{"line":66,"column":7},"end":{"line":70,"column":7}},"type":"binary-expr","locations":[{"start":{"line":66,"column":7},"end":{"line":66,"column":16}},{"start":{"line":67,"column":8},"end":{"line":69,"column":16}}],"line":66},"8":{"loc":{"start":{"line":95,"column":40},"end":{"line":95,"column":59}},"type":"default-arg","locations":[{"start":{"line":95,"column":57},"end":{"line":95,"column":59}}],"line":95},"9":{"loc":{"start":{"line":95,"column":67},"end":{"line":95,"column":86}},"type":"default-arg","locations":[{"start":{"line":95,"column":84},"end":{"line":95,"column":86}}],"line":95},"10":{"loc":{"start":{"line":95,"column":88},"end":{"line":95,"column":105}},"type":"default-arg","locations":[{"start":{"line":95,"column":103},"end":{"line":95,"column":105}}],"line":95},"11":{"loc":{"start":{"line":98,"column":7},"end":{"line":98,"column":101}},"type":"binary-expr","locations":[{"start":{"line":98,"column":7},"end":{"line":98,"column":16}},{"start":{"line":98,"column":20},"end":{"line":98,"column":101}}],"line":98},"12":{"loc":{"start":{"line":121,"column":43},"end":{"line":121,"column":62}},"type":"default-arg","locations":[{"start":{"line":121,"column":60},"end":{"line":121,"column":62}}],"line":121},"13":{"loc":{"start":{"line":121,"column":70},"end":{"line":121,"column":89}},"type":"default-arg","locations":[{"start":{"line":121,"column":87},"end":{"line":121,"column":89}}],"line":121},"14":{"loc":{"start":{"line":121,"column":91},"end":{"line":121,"column":108}},"type":"default-arg","locations":[{"start":{"line":121,"column":106},"end":{"line":121,"column":108}}],"line":121},"15":{"loc":{"start":{"line":124,"column":7},"end":{"line":124,"column":101}},"type":"binary-expr","locations":[{"start":{"line":124,"column":7},"end":{"line":124,"column":16}},{"start":{"line":124,"column":20},"end":{"line":124,"column":101}}],"line":124}},"s":{"0":2,"1":2,"2":1,"3":1,"4":1,"5":1,"6":0,"7":0,"8":0,"9":0,"10":0,"11":2,"12":2,"13":2,"14":2,"15":2,"16":2,"17":0,"18":0,"19":0,"20":0,"21":0,"22":0,"23":2,"24":2,"25":10,"26":2,"27":0},"f":{"0":2,"1":2,"2":2,"3":0,"4":10,"5":0},"b":{"0":[1,1],"1":[1,0,0,0,0,0],"2":[2],"3":[2],"4":[2],"5":[0],"6":[0,0],"7":[2,2],"8":[10],"9":[10],"10":[10],"11":[10,10],"12":[0],"13":[0],"14":[0],"15":[0,0]},"_coverageSchema":"1a1c01bbd47fc00a2c39e90264f33305004495a9","hash":"997f06223fd3ec6ac4105fbcf75170a8668cb8f1"}
,"C:\\Users\\Pichau\\Desktop\\_\\FarmaFacil-ReactJS\\src\\Components\\Links.jsx": {"path":"C:\\Users\\Pichau\\Desktop\\_\\FarmaFacil-ReactJS\\src\\Components\\Links.jsx","statementMap":{"0":{"start":{"line":3,"column":27},"end":{"line":21,"column":1}},"1":{"start":{"line":4,"column":4},"end":{"line":20,"column":5}},"2":{"start":{"line":23,"column":27},"end":{"line":40,"column":1}},"3":{"start":{"line":24,"column":2},"end":{"line":39,"column":4}}},"fnMap":{"0":{"name":"(anonymous_0)","decl":{"start":{"line":3,"column":27},"end":{"line":3,"column":28}},"loc":{"start":{"line":3,"column":87},"end":{"line":21,"column":1}},"line":3},"1":{"name":"(anonymous_1)","decl":{"start":{"line":23,"column":27},"end":{"line":23,"column":28}},"loc":{"start":{"line":23,"column":61},"end":{"line":40,"column":1}},"line":23}},"branchMap":{},"s":{"0":2,"1":18,"2":2,"3":0},"f":{"0":18,"1":0},"b":{},"_coverageSchema":"1a1c01bbd47fc00a2c39e90264f33305004495a9","hash":"efb0e129bfae7820c93d02fb59ce93647a493858"}
,"C:\\Users\\Pichau\\Desktop\\_\\FarmaFacil-ReactJS\\src\\Components\\Modals.jsx": {"path":"C:\\Users\\Pichau\\Desktop\\_\\FarmaFacil-ReactJS\\src\\Components\\Modals.jsx","statementMap":{"0":{"start":{"line":15,"column":2},"end":{"line":15,"column":26}},"1":{"start":{"line":15,"column":15},"end":{"line":15,"column":26}},"2":{"start":{"line":17,"column":2},"end":{"line":43,"column":3}}},"fnMap":{"0":{"name":"GenericModal","decl":{"start":{"line":3,"column":9},"end":{"line":3,"column":21}},"loc":{"start":{"line":14,"column":3},"end":{"line":44,"column":1}},"line":14}},"branchMap":{"0":{"loc":{"start":{"line":9,"column":2},"end":{"line":9,"column":80}},"type":"default-arg","locations":[{"start":{"line":9,"column":22},"end":{"line":9,"column":80}}],"line":9},"1":{"loc":{"start":{"line":10,"column":2},"end":{"line":10,"column":70}},"type":"default-arg","locations":[{"start":{"line":10,"column":21},"end":{"line":10,"column":70}}],"line":10},"2":{"loc":{"start":{"line":11,"column":2},"end":{"line":11,"column":17}},"type":"default-arg","locations":[{"start":{"line":11,"column":12},"end":{"line":11,"column":17}}],"line":11},"3":{"loc":{"start":{"line":12,"column":2},"end":{"line":12,"column":27}},"type":"default-arg","locations":[{"start":{"line":12,"column":16},"end":{"line":12,"column":27}}],"line":12},"4":{"loc":{"start":{"line":13,"column":2},"end":{"line":13,"column":25}},"type":"default-arg","locations":[{"start":{"line":13,"column":15},"end":{"line":13,"column":25}}],"line":13},"5":{"loc":{"start":{"line":15,"column":2},"end":{"line":15,"column":26}},"type":"if","locations":[{"start":{"line":15,"column":2},"end":{"line":15,"column":26}},{"start":{},"end":{}}],"line":15},"6":{"loc":{"start":{"line":23,"column":9},"end":{"line":23,"column":66}},"type":"binary-expr","locations":[{"start":{"line":23,"column":9},"end":{"line":23,"column":17}},{"start":{"line":23,"column":21},"end":{"line":23,"column":66}}],"line":23},"7":{"loc":{"start":{"line":29,"column":46},"end":{"line":29,"column":92}},"type":"cond-expr","locations":[{"start":{"line":29,"column":56},"end":{"line":29,"column":87}},{"start":{"line":29,"column":90},"end":{"line":29,"column":92}}],"line":29},"8":{"loc":{"start":{"line":36,"column":47},"end":{"line":36,"column":93}},"type":"cond-expr","locations":[{"start":{"line":36,"column":57},"end":{"line":36,"column":88}},{"start":{"line":36,"column":91},"end":{"line":36,"column":93}}],"line":36},"9":{"loc":{"start":{"line":38,"column":13},"end":{"line":38,"column":53}},"type":"cond-expr","locations":[{"start":{"line":38,"column":23},"end":{"line":38,"column":39}},{"start":{"line":38,"column":42},"end":{"line":38,"column":53}}],"line":38}},"s":{"0":0,"1":0,"2":0},"f":{"0":0},"b":{"0":[0],"1":[0],"2":[0],"3":[0],"4":[0],"5":[0,0],"6":[0,0],"7":[0,0],"8":[0,0],"9":[0,0]},"_coverageSchema":"1a1c01bbd47fc00a2c39e90264f33305004495a9","hash":"d6707d259e777c541977d9b992c34df24c5095df"}
,"C:\\Users\\Pichau\\Desktop\\_\\FarmaFacil-ReactJS\\src\\Components\\Pedidos.jsx": {"path":"C:\\Users\\Pichau\\Desktop\\_\\FarmaFacil-ReactJS\\src\\Components\\Pedidos.jsx","statementMap":{"0":{"start":{"line":12,"column":4},"end":{"line":46,"column":5}}},"fnMap":{"0":{"name":"PedidoComponent","decl":{"start":{"line":5,"column":9},"end":{"line":5,"column":24}},"loc":{"start":{"line":11,"column":3},"end":{"line":47,"column":1}},"line":11}},"branchMap":{},"s":{"0":0},"f":{"0":0},"b":{},"_coverageSchema":"1a1c01bbd47fc00a2c39e90264f33305004495a9","hash":"3c93321f0d86fce04b8b99ebfe228de563b32844"}
,"C:\\Users\\Pichau\\Desktop\\_\\FarmaFacil-ReactJS\\src\\Components\\RoutesComponent.jsx": {"path":"C:\\Users\\Pichau\\Desktop\\_\\FarmaFacil-ReactJS\\src\\Components\\RoutesComponent.jsx","statementMap":{"0":{"start":{"line":5,"column":30},"end":{"line":9,"column":1}},"1":{"start":{"line":6,"column":28},"end":{"line":6,"column":60}},"2":{"start":{"line":7,"column":4},"end":{"line":7,"column":69}},"3":{"start":{"line":7,"column":26},"end":{"line":7,"column":69}},"4":{"start":{"line":8,"column":4},"end":{"line":8,"column":19}},"5":{"start":{"line":12,"column":27},"end":{"line":18,"column":1}},"6":{"start":{"line":13,"column":25},"end":{"line":13,"column":61}},"7":{"start":{"line":14,"column":22},"end":{"line":14,"column":55}},"8":{"start":{"line":15,"column":4},"end":{"line":15,"column":69}},"9":{"start":{"line":15,"column":22},"end":{"line":15,"column":69}},"10":{"start":{"line":16,"column":4},"end":{"line":16,"column":63}},"11":{"start":{"line":16,"column":19},"end":{"line":16,"column":63}},"12":{"start":{"line":17,"column":4},"end":{"line":17,"column":19}},"13":{"start":{"line":21,"column":30},"end":{"line":25,"column":1}},"14":{"start":{"line":22,"column":18},"end":{"line":22,"column":47}},"15":{"start":{"line":23,"column":4},"end":{"line":23,"column":59}},"16":{"start":{"line":23,"column":16},"end":{"line":23,"column":59}},"17":{"start":{"line":24,"column":4},"end":{"line":24,"column":19}},"18":{"start":{"line":27,"column":28},"end":{"line":36,"column":1}},"19":{"start":{"line":28,"column":22},"end":{"line":28,"column":55}},"20":{"start":{"line":29,"column":22},"end":{"line":29,"column":56}},"21":{"start":{"line":31,"column":4},"end":{"line":31,"column":65}},"22":{"start":{"line":31,"column":20},"end":{"line":31,"column":65}},"23":{"start":{"line":33,"column":4},"end":{"line":33,"column":63}},"24":{"start":{"line":33,"column":20},"end":{"line":33,"column":63}},"25":{"start":{"line":35,"column":4},"end":{"line":35,"column":19}},"26":{"start":{"line":38,"column":26},"end":{"line":47,"column":1}},"27":{"start":{"line":39,"column":22},"end":{"line":39,"column":55}},"28":{"start":{"line":40,"column":21},"end":{"line":40,"column":54}},"29":{"start":{"line":42,"column":4},"end":{"line":42,"column":65}},"30":{"start":{"line":42,"column":20},"end":{"line":42,"column":65}},"31":{"start":{"line":44,"column":4},"end":{"line":44,"column":62}},"32":{"start":{"line":44,"column":19},"end":{"line":44,"column":62}},"33":{"start":{"line":46,"column":4},"end":{"line":46,"column":19}},"34":{"start":{"line":49,"column":28},"end":{"line":55,"column":1}},"35":{"start":{"line":50,"column":25},"end":{"line":50,"column":61}},"36":{"start":{"line":51,"column":22},"end":{"line":51,"column":55}},"37":{"start":{"line":52,"column":4},"end":{"line":52,"column":69}},"38":{"start":{"line":52,"column":22},"end":{"line":52,"column":69}},"39":{"start":{"line":53,"column":4},"end":{"line":53,"column":63}},"40":{"start":{"line":53,"column":19},"end":{"line":53,"column":63}},"41":{"start":{"line":54,"column":4},"end":{"line":54,"column":19}}},"fnMap":{"0":{"name":"(anonymous_0)","decl":{"start":{"line":5,"column":30},"end":{"line":5,"column":31}},"loc":{"start":{"line":5,"column":72},"end":{"line":9,"column":1}},"line":5},"1":{"name":"(anonymous_1)","decl":{"start":{"line":12,"column":27},"end":{"line":12,"column":28}},"loc":{"start":{"line":12,"column":57},"end":{"line":18,"column":1}},"line":12},"2":{"name":"(anonymous_2)","decl":{"start":{"line":21,"column":30},"end":{"line":21,"column":31}},"loc":{"start":{"line":21,"column":69},"end":{"line":25,"column":1}},"line":21},"3":{"name":"(anonymous_3)","decl":{"start":{"line":27,"column":28},"end":{"line":27,"column":29}},"loc":{"start":{"line":27,"column":58},"end":{"line":36,"column":1}},"line":27},"4":{"name":"(anonymous_4)","decl":{"start":{"line":38,"column":26},"end":{"line":38,"column":27}},"loc":{"start":{"line":38,"column":56},"end":{"line":47,"column":1}},"line":38},"5":{"name":"(anonymous_5)","decl":{"start":{"line":49,"column":28},"end":{"line":49,"column":29}},"loc":{"start":{"line":49,"column":46},"end":{"line":55,"column":1}},"line":49}},"branchMap":{"0":{"loc":{"start":{"line":7,"column":4},"end":{"line":7,"column":69}},"type":"if","locations":[{"start":{"line":7,"column":4},"end":{"line":7,"column":69}},{"start":{},"end":{}}],"line":7},"1":{"loc":{"start":{"line":15,"column":4},"end":{"line":15,"column":69}},"type":"if","locations":[{"start":{"line":15,"column":4},"end":{"line":15,"column":69}},{"start":{},"end":{}}],"line":15},"2":{"loc":{"start":{"line":16,"column":4},"end":{"line":16,"column":63}},"type":"if","locations":[{"start":{"line":16,"column":4},"end":{"line":16,"column":63}},{"start":{},"end":{}}],"line":16},"3":{"loc":{"start":{"line":23,"column":4},"end":{"line":23,"column":59}},"type":"if","locations":[{"start":{"line":23,"column":4},"end":{"line":23,"column":59}},{"start":{},"end":{}}],"line":23},"4":{"loc":{"start":{"line":31,"column":4},"end":{"line":31,"column":65}},"type":"if","locations":[{"start":{"line":31,"column":4},"end":{"line":31,"column":65}},{"start":{},"end":{}}],"line":31},"5":{"loc":{"start":{"line":33,"column":4},"end":{"line":33,"column":63}},"type":"if","locations":[{"start":{"line":33,"column":4},"end":{"line":33,"column":63}},{"start":{},"end":{}}],"line":33},"6":{"loc":{"start":{"line":42,"column":4},"end":{"line":42,"column":65}},"type":"if","locations":[{"start":{"line":42,"column":4},"end":{"line":42,"column":65}},{"start":{},"end":{}}],"line":42},"7":{"loc":{"start":{"line":44,"column":4},"end":{"line":44,"column":62}},"type":"if","locations":[{"start":{"line":44,"column":4},"end":{"line":44,"column":62}},{"start":{},"end":{}}],"line":44},"8":{"loc":{"start":{"line":52,"column":4},"end":{"line":52,"column":69}},"type":"if","locations":[{"start":{"line":52,"column":4},"end":{"line":52,"column":69}},{"start":{},"end":{}}],"line":52},"9":{"loc":{"start":{"line":53,"column":4},"end":{"line":53,"column":63}},"type":"if","locations":[{"start":{"line":53,"column":4},"end":{"line":53,"column":63}},{"start":{},"end":{}}],"line":53}},"s":{"0":2,"1":0,"2":0,"3":0,"4":0,"5":2,"6":0,"7":0,"8":0,"9":0,"10":0,"11":0,"12":0,"13":2,"14":2,"15":2,"16":0,"17":2,"18":2,"19":1,"20":1,"21":1,"22":0,"23":1,"24":0,"25":1,"26":2,"27":0,"28":0,"29":0,"30":0,"31":0,"32":0,"33":0,"34":2,"35":0,"36":0,"37":0,"38":0,"39":0,"40":0,"41":0},"f":{"0":0,"1":0,"2":2,"3":1,"4":0,"5":0},"b":{"0":[0,0],"1":[0,0],"2":[0,0],"3":[0,2],"4":[0,1],"5":[0,1],"6":[0,0],"7":[0,0],"8":[0,0],"9":[0,0]},"_coverageSchema":"1a1c01bbd47fc00a2c39e90264f33305004495a9","hash":"e2822867448c632de0aa98cd618f1f3081df9bcf"}
,"C:\\Users\\Pichau\\Desktop\\_\\FarmaFacil-ReactJS\\src\\Components\\Tables.jsx": {"path":"C:\\Users\\Pichau\\Desktop\\_\\FarmaFacil-ReactJS\\src\\Components\\Tables.jsx","statementMap":{"0":{"start":{"line":6,"column":4},"end":{"line":65,"column":6}},"1":{"start":{"line":30,"column":24},"end":{"line":60,"column":29}},"2":{"start":{"line":47,"column":55},"end":{"line":47,"column":67}},"3":{"start":{"line":53,"column":55},"end":{"line":53,"column":69}}},"fnMap":{"0":{"name":"TabelaEstoque","decl":{"start":{"line":5,"column":9},"end":{"line":5,"column":22}},"loc":{"start":{"line":5,"column":52},"end":{"line":66,"column":1}},"line":5},"1":{"name":"(anonymous_1)","decl":{"start":{"line":29,"column":31},"end":{"line":29,"column":32}},"loc":{"start":{"line":30,"column":24},"end":{"line":60,"column":29}},"line":30},"2":{"name":"(anonymous_2)","decl":{"start":{"line":47,"column":49},"end":{"line":47,"column":50}},"loc":{"start":{"line":47,"column":55},"end":{"line":47,"column":67}},"line":47},"3":{"name":"(anonymous_3)","decl":{"start":{"line":53,"column":49},"end":{"line":53,"column":50}},"loc":{"start":{"line":53,"column":55},"end":{"line":53,"column":69}},"line":53}},"branchMap":{},"s":{"0":2,"1":2,"2":1,"3":0},"f":{"0":2,"1":2,"2":1,"3":0},"b":{},"_coverageSchema":"1a1c01bbd47fc00a2c39e90264f33305004495a9","hash":"fdca21a771a84bd2d5d15385e6e15f8de4a31d5a"}
,"C:\\Users\\Pichau\\Desktop\\_\\FarmaFacil-ReactJS\\src\\Components\\Tabs.jsx": {"path":"C:\\Users\\Pichau\\Desktop\\_\\FarmaFacil-ReactJS\\src\\Components\\Tabs.jsx","statementMap":{"0":{"start":{"line":5,"column":38},"end":{"line":5,"column":76}},"1":{"start":{"line":7,"column":4},"end":{"line":67,"column":5}},"2":{"start":{"line":12,"column":20},"end":{"line":41,"column":29}},"3":{"start":{"line":14,"column":39},"end":{"line":14,"column":59}},"4":{"start":{"line":59,"column":20},"end":{"line":63,"column":28}}},"fnMap":{"0":{"name":"GenericTabs","decl":{"start":{"line":4,"column":9},"end":{"line":4,"column":20}},"loc":{"start":{"line":4,"column":57},"end":{"line":68,"column":1}},"line":4},"1":{"name":"(anonymous_1)","decl":{"start":{"line":11,"column":26},"end":{"line":11,"column":27}},"loc":{"start":{"line":12,"column":20},"end":{"line":41,"column":29}},"line":12},"2":{"name":"(anonymous_2)","decl":{"start":{"line":14,"column":33},"end":{"line":14,"column":34}},"loc":{"start":{"line":14,"column":39},"end":{"line":14,"column":59}},"line":14},"3":{"name":"(anonymous_3)","decl":{"start":{"line":58,"column":26},"end":{"line":58,"column":27}},"loc":{"start":{"line":59,"column":20},"end":{"line":63,"column":28}},"line":59}},"branchMap":{"0":{"loc":{"start":{"line":5,"column":47},"end":{"line":5,"column":75}},"type":"binary-expr","locations":[{"start":{"line":5,"column":47},"end":{"line":5,"column":60}},{"start":{"line":5,"column":64},"end":{"line":5,"column":75}}],"line":5},"1":{"loc":{"start":{"line":22,"column":30},"end":{"line":37,"column":33}},"type":"cond-expr","locations":[{"start":{"line":23,"column":34},"end":{"line":30,"column":33}},{"start":{"line":31,"column":34},"end":{"line":37,"column":33}}],"line":22},"2":{"loc":{"start":{"line":59,"column":20},"end":{"line":63,"column":28}},"type":"cond-expr","locations":[{"start":{"line":60,"column":24},"end":{"line":62,"column":30}},{"start":{"line":63,"column":24},"end":{"line":63,"column":28}}],"line":59}},"s":{"0":0,"1":0,"2":0,"3":0,"4":0},"f":{"0":0,"1":0,"2":0,"3":0},"b":{"0":[0,0],"1":[0,0],"2":[0,0]},"_coverageSchema":"1a1c01bbd47fc00a2c39e90264f33305004495a9","hash":"4b9ef022e7859dc2344758bf1e1972970cd83e34"}
,"C:\\Users\\Pichau\\Desktop\\_\\FarmaFacil-ReactJS\\src\\Components\\Titles.jsx": {"path":"C:\\Users\\Pichau\\Desktop\\_\\FarmaFacil-ReactJS\\src\\Components\\Titles.jsx","statementMap":{"0":{"start":{"line":5,"column":27},"end":{"line":11,"column":1}},"1":{"start":{"line":6,"column":2},"end":{"line":10,"column":3}},"2":{"start":{"line":13,"column":29},"end":{"line":19,"column":1}},"3":{"start":{"line":14,"column":2},"end":{"line":18,"column":3}},"4":{"start":{"line":21,"column":28},"end":{"line":27,"column":1}},"5":{"start":{"line":22,"column":2},"end":{"line":26,"column":3}},"6":{"start":{"line":29,"column":22},"end":{"line":36,"column":1}},"7":{"start":{"line":30,"column":2},"end":{"line":35,"column":3}}},"fnMap":{"0":{"name":"(anonymous_0)","decl":{"start":{"line":5,"column":27},"end":{"line":5,"column":28}},"loc":{"start":{"line":5,"column":52},"end":{"line":11,"column":1}},"line":5},"1":{"name":"(anonymous_1)","decl":{"start":{"line":13,"column":29},"end":{"line":13,"column":30}},"loc":{"start":{"line":13,"column":54},"end":{"line":19,"column":1}},"line":13},"2":{"name":"(anonymous_2)","decl":{"start":{"line":21,"column":28},"end":{"line":21,"column":29}},"loc":{"start":{"line":21,"column":53},"end":{"line":27,"column":1}},"line":21},"3":{"name":"(anonymous_3)","decl":{"start":{"line":29,"column":22},"end":{"line":29,"column":23}},"loc":{"start":{"line":29,"column":86},"end":{"line":36,"column":1}},"line":29}},"branchMap":{},"s":{"0":2,"1":0,"2":2,"3":8,"4":2,"5":0,"6":2,"7":2},"f":{"0":0,"1":8,"2":0,"3":2},"b":{},"_coverageSchema":"1a1c01bbd47fc00a2c39e90264f33305004495a9","hash":"49bf572f02db0bebbea0b2ebec918e0fbf8ed376"}
,"C:\\Users\\Pichau\\Desktop\\_\\FarmaFacil-ReactJS\\src\\Pages\\HomeClientes.jsx": {"path":"C:\\Users\\Pichau\\Desktop\\_\\FarmaFacil-ReactJS\\src\\Pages\\HomeClientes.jsx","statementMap":{"0":{"start":{"line":19,"column":25},"end":{"line":66,"column":1}},"1":{"start":{"line":21,"column":22},"end":{"line":23,"column":3}},"2":{"start":{"line":22,"column":4},"end":{"line":22,"column":75}},"3":{"start":{"line":25,"column":22},"end":{"line":29,"column":3}},"4":{"start":{"line":26,"column":4},"end":{"line":26,"column":23}},"5":{"start":{"line":27,"column":4},"end":{"line":27,"column":24}},"6":{"start":{"line":28,"column":4},"end":{"line":28,"column":41}},"7":{"start":{"line":28,"column":24},"end":{"line":28,"column":41}},"8":{"start":{"line":31,"column":2},"end":{"line":65,"column":3}},"9":{"start":{"line":73,"column":19},"end":{"line":73,"column":32}},"10":{"start":{"line":74,"column":44},"end":{"line":74,"column":59}},"11":{"start":{"line":77,"column":34},"end":{"line":77,"column":46}},"12":{"start":{"line":78,"column":50},"end":{"line":78,"column":62}},"13":{"start":{"line":79,"column":28},"end":{"line":79,"column":40}},"14":{"start":{"line":80,"column":32},"end":{"line":80,"column":46}},"15":{"start":{"line":81,"column":28},"end":{"line":81,"column":42}},"16":{"start":{"line":83,"column":23},"end":{"line":89,"column":3}},"17":{"start":{"line":84,"column":4},"end":{"line":84,"column":26}},"18":{"start":{"line":85,"column":4},"end":{"line":85,"column":43}},"19":{"start":{"line":86,"column":4},"end":{"line":86,"column":41}},"20":{"start":{"line":87,"column":4},"end":{"line":87,"column":27}},"21":{"start":{"line":88,"column":4},"end":{"line":88,"column":31}},"22":{"start":{"line":91,"column":2},"end":{"line":111,"column":8}},"23":{"start":{"line":92,"column":29},"end":{"line":108,"column":5}},"24":{"start":{"line":93,"column":6},"end":{"line":107,"column":7}},"25":{"start":{"line":94,"column":8},"end":{"line":94,"column":24}},"26":{"start":{"line":95,"column":8},"end":{"line":95,"column":22}},"27":{"start":{"line":97,"column":25},"end":{"line":97,"column":51}},"28":{"start":{"line":98,"column":21},"end":{"line":98,"column":40}},"29":{"start":{"line":100,"column":8},"end":{"line":100,"column":25}},"30":{"start":{"line":101,"column":8},"end":{"line":101,"column":33}},"31":{"start":{"line":103,"column":8},"end":{"line":103,"column":54}},"32":{"start":{"line":104,"column":8},"end":{"line":104,"column":86}},"33":{"start":{"line":106,"column":8},"end":{"line":106,"column":25}},"34":{"start":{"line":110,"column":4},"end":{"line":110,"column":22}},"35":{"start":{"line":114,"column":23},"end":{"line":129,"column":3}},"36":{"start":{"line":115,"column":17},"end":{"line":115,"column":31}},"37":{"start":{"line":116,"column":4},"end":{"line":116,"column":19}},"38":{"start":{"line":118,"column":4},"end":{"line":128,"column":5}},"39":{"start":{"line":119,"column":22},"end":{"line":123,"column":8}},"40":{"start":{"line":120,"column":25},"end":{"line":120,"column":79}},"41":{"start":{"line":121,"column":25},"end":{"line":121,"column":43}},"42":{"start":{"line":122,"column":8},"end":{"line":122,"column":47}},"43":{"start":{"line":124,"column":6},"end":{"line":124,"column":35}},"44":{"start":{"line":127,"column":6},"end":{"line":127,"column":36}},"45":{"start":{"line":131,"column":25},"end":{"line":161,"column":3}},"46":{"start":{"line":132,"column":4},"end":{"line":139,"column":5}},"47":{"start":{"line":133,"column":6},"end":{"line":138,"column":7}},"48":{"start":{"line":141,"column":4},"end":{"line":143,"column":5}},"49":{"start":{"line":142,"column":6},"end":{"line":142,"column":77}},"50":{"start":{"line":145,"column":4},"end":{"line":147,"column":5}},"51":{"start":{"line":146,"column":6},"end":{"line":146,"column":97}},"52":{"start":{"line":149,"column":4},"end":{"line":160,"column":5}},"53":{"start":{"line":153,"column":10},"end":{"line":157,"column":12}},"54":{"start":{"line":156,"column":34},"end":{"line":156,"column":79}},"55":{"start":{"line":164,"column":2},"end":{"line":213,"column":3}},"56":{"start":{"line":178,"column":35},"end":{"line":178,"column":70}}},"fnMap":{"0":{"name":"(anonymous_0)","decl":{"start":{"line":19,"column":25},"end":{"line":19,"column":26}},"loc":{"start":{"line":19,"column":69},"end":{"line":66,"column":1}},"line":19},"1":{"name":"(anonymous_1)","decl":{"start":{"line":21,"column":22},"end":{"line":21,"column":23}},"loc":{"start":{"line":21,"column":33},"end":{"line":23,"column":3}},"line":21},"2":{"name":"(anonymous_2)","decl":{"start":{"line":25,"column":22},"end":{"line":25,"column":23}},"loc":{"start":{"line":25,"column":29},"end":{"line":29,"column":3}},"line":25},"3":{"name":"HomeClientes","decl":{"start":{"line":71,"column":9},"end":{"line":71,"column":21}},"loc":{"start":{"line":71,"column":24},"end":{"line":214,"column":1}},"line":71},"4":{"name":"(anonymous_4)","decl":{"start":{"line":83,"column":23},"end":{"line":83,"column":24}},"loc":{"start":{"line":83,"column":29},"end":{"line":89,"column":3}},"line":83},"5":{"name":"(anonymous_5)","decl":{"start":{"line":91,"column":12},"end":{"line":91,"column":13}},"loc":{"start":{"line":91,"column":18},"end":{"line":111,"column":3}},"line":91},"6":{"name":"(anonymous_6)","decl":{"start":{"line":92,"column":29},"end":{"line":92,"column":30}},"loc":{"start":{"line":92,"column":41},"end":{"line":108,"column":5}},"line":92},"7":{"name":"(anonymous_7)","decl":{"start":{"line":114,"column":23},"end":{"line":114,"column":24}},"loc":{"start":{"line":114,"column":30},"end":{"line":129,"column":3}},"line":114},"8":{"name":"(anonymous_8)","decl":{"start":{"line":119,"column":38},"end":{"line":119,"column":39}},"loc":{"start":{"line":119,"column":46},"end":{"line":123,"column":7}},"line":119},"9":{"name":"(anonymous_9)","decl":{"start":{"line":131,"column":25},"end":{"line":131,"column":26}},"loc":{"start":{"line":131,"column":31},"end":{"line":161,"column":3}},"line":131},"10":{"name":"(anonymous_10)","decl":{"start":{"line":152,"column":30},"end":{"line":152,"column":31}},"loc":{"start":{"line":153,"column":10},"end":{"line":157,"column":12}},"line":153},"11":{"name":"(anonymous_11)","decl":{"start":{"line":156,"column":28},"end":{"line":156,"column":29}},"loc":{"start":{"line":156,"column":34},"end":{"line":156,"column":79}},"line":156},"12":{"name":"(anonymous_12)","decl":{"start":{"line":178,"column":29},"end":{"line":178,"column":30}},"loc":{"start":{"line":178,"column":35},"end":{"line":178,"column":70}},"line":178}},"branchMap":{"0":{"loc":{"start":{"line":22,"column":11},"end":{"line":22,"column":75}},"type":"cond-expr","locations":[{"start":{"line":22,"column":19},"end":{"line":22,"column":65}},{"start":{"line":22,"column":68},"end":{"line":22,"column":75}}],"line":22},"1":{"loc":{"start":{"line":28,"column":4},"end":{"line":28,"column":41}},"type":"if","locations":[{"start":{"line":28,"column":4},"end":{"line":28,"column":41}},{"start":{},"end":{}}],"line":28},"2":{"loc":{"start":{"line":36,"column":15},"end":{"line":36,"column":70}},"type":"binary-expr","locations":[{"start":{"line":36,"column":15},"end":{"line":36,"column":33}},{"start":{"line":36,"column":37},"end":{"line":36,"column":70}}],"line":36},"3":{"loc":{"start":{"line":37,"column":15},"end":{"line":37,"column":50}},"type":"binary-expr","locations":[{"start":{"line":37,"column":15},"end":{"line":37,"column":27}},{"start":{"line":37,"column":31},"end":{"line":37,"column":50}}],"line":37},"4":{"loc":{"start":{"line":44,"column":11},"end":{"line":44,"column":44}},"type":"binary-expr","locations":[{"start":{"line":44,"column":11},"end":{"line":44,"column":23}},{"start":{"line":44,"column":27},"end":{"line":44,"column":44}}],"line":44},"5":{"loc":{"start":{"line":98,"column":21},"end":{"line":98,"column":40}},"type":"binary-expr","locations":[{"start":{"line":98,"column":21},"end":{"line":98,"column":34}},{"start":{"line":98,"column":38},"end":{"line":98,"column":40}}],"line":98},"6":{"loc":{"start":{"line":118,"column":4},"end":{"line":128,"column":5}},"type":"if","locations":[{"start":{"line":118,"column":4},"end":{"line":128,"column":5}},{"start":{"line":125,"column":11},"end":{"line":128,"column":5}}],"line":118},"7":{"loc":{"start":{"line":120,"column":25},"end":{"line":120,"column":79}},"type":"cond-expr","locations":[{"start":{"line":120,"column":37},"end":{"line":120,"column":60}},{"start":{"line":120,"column":63},"end":{"line":120,"column":79}}],"line":120},"8":{"loc":{"start":{"line":132,"column":4},"end":{"line":139,"column":5}},"type":"if","locations":[{"start":{"line":132,"column":4},"end":{"line":139,"column":5}},{"start":{},"end":{}}],"line":132},"9":{"loc":{"start":{"line":141,"column":4},"end":{"line":143,"column":5}},"type":"if","locations":[{"start":{"line":141,"column":4},"end":{"line":143,"column":5}},{"start":{},"end":{}}],"line":141},"10":{"loc":{"start":{"line":145,"column":4},"end":{"line":147,"column":5}},"type":"if","locations":[{"start":{"line":145,"column":4},"end":{"line":147,"column":5}},{"start":{},"end":{}}],"line":145}},"s":{"0":2,"1":0,"2":0,"3":0,"4":0,"5":0,"6":0,"7":0,"8":0,"9":0,"10":0,"11":0,"12":0,"13":0,"14":0,"15":0,"16":0,"17":0,"18":0,"19":0,"20":0,"21":0,"22":0,"23":0,"24":0,"25":0,"26":0,"27":0,"28":0,"29":0,"30":0,"31":0,"32":0,"33":0,"34":0,"35":0,"36":0,"37":0,"38":0,"39":0,"40":0,"41":0,"42":0,"43":0,"44":0,"45":0,"46":0,"47":0,"48":0,"49":0,"50":0,"51":0,"52":0,"53":0,"54":0,"55":0,"56":0},"f":{"0":0,"1":0,"2":0,"3":0,"4":0,"5":0,"6":0,"7":0,"8":0,"9":0,"10":0,"11":0,"12":0},"b":{"0":[0,0],"1":[0,0],"2":[0,0],"3":[0,0],"4":[0,0],"5":[0,0],"6":[0,0],"7":[0,0],"8":[0,0],"9":[0,0],"10":[0,0]},"_coverageSchema":"1a1c01bbd47fc00a2c39e90264f33305004495a9","hash":"9d5745d2cb4068e9ac320b0e3ee78809dc66cd45"}
,"C:\\Users\\Pichau\\Desktop\\_\\FarmaFacil-ReactJS\\src\\Pages\\Landing.jsx": {"path":"C:\\Users\\Pichau\\Desktop\\_\\FarmaFacil-ReactJS\\src\\Pages\\Landing.jsx","statementMap":{"0":{"start":{"line":6,"column":4},"end":{"line":31,"column":5}}},"fnMap":{"0":{"name":"Landing","decl":{"start":{"line":5,"column":9},"end":{"line":5,"column":16}},"loc":{"start":{"line":5,"column":19},"end":{"line":32,"column":1}},"line":5}},"branchMap":{},"s":{"0":0},"f":{"0":0},"b":{},"_coverageSchema":"1a1c01bbd47fc00a2c39e90264f33305004495a9","hash":"86f7c1921ccb5a49cd205b6f197cd424779950ca"}
,"C:\\Users\\Pichau\\Desktop\\_\\FarmaFacil-ReactJS\\src\\Pages\\Clientes\\ConfiguracoesCliente.jsx": {"path":"C:\\Users\\Pichau\\Desktop\\_\\FarmaFacil-ReactJS\\src\\Pages\\Clientes\\ConfiguracoesCliente.jsx","statementMap":{"0":{"start":{"line":19,"column":16},"end":{"line":132,"column":1}},"1":{"start":{"line":20,"column":36},"end":{"line":20,"column":51}},"2":{"start":{"line":21,"column":42},"end":{"line":21,"column":84}},"3":{"start":{"line":22,"column":32},"end":{"line":22,"column":47}},"4":{"start":{"line":25,"column":2},"end":{"line":29,"column":19}},"5":{"start":{"line":26,"column":4},"end":{"line":28,"column":5}},"6":{"start":{"line":27,"column":6},"end":{"line":27,"column":28}},"7":{"start":{"line":31,"column":21},"end":{"line":46,"column":3}},"8":{"start":{"line":33,"column":4},"end":{"line":36,"column":5}},"9":{"start":{"line":34,"column":6},"end":{"line":34,"column":25}},"10":{"start":{"line":35,"column":6},"end":{"line":35,"column":12}},"11":{"start":{"line":38,"column":4},"end":{"line":38,"column":20}},"12":{"start":{"line":39,"column":20},"end":{"line":39,"column":54}},"13":{"start":{"line":40,"column":4},"end":{"line":40,"column":21}},"14":{"start":{"line":42,"column":4},"end":{"line":45,"column":5}},"15":{"start":{"line":43,"column":6},"end":{"line":43,"column":25}},"16":{"start":{"line":44,"column":6},"end":{"line":44,"column":50}},"17":{"start":{"line":44,"column":31},"end":{"line":44,"column":50}},"18":{"start":{"line":48,"column":23},"end":{"line":51,"column":3}},"19":{"start":{"line":49,"column":4},"end":{"line":49,"column":23}},"20":{"start":{"line":50,"column":4},"end":{"line":50,"column":53}},"21":{"start":{"line":53,"column":2},"end":{"line":131,"column":3}},"22":{"start":{"line":72,"column":36},"end":{"line":72,"column":67}},"23":{"start":{"line":74,"column":53},"end":{"line":74,"column":76}},"24":{"start":{"line":81,"column":36},"end":{"line":81,"column":67}},"25":{"start":{"line":121,"column":31},"end":{"line":121,"column":49}},"26":{"start":{"line":134,"column":29},"end":{"line":286,"column":1}},"27":{"start":{"line":135,"column":19},"end":{"line":135,"column":32}},"28":{"start":{"line":136,"column":26},"end":{"line":136,"column":40}},"29":{"start":{"line":137,"column":32},"end":{"line":137,"column":46}},"30":{"start":{"line":138,"column":28},"end":{"line":138,"column":42}},"31":{"start":{"line":139,"column":38},"end":{"line":139,"column":50}},"32":{"start":{"line":142,"column":2},"end":{"line":179,"column":16}},"33":{"start":{"line":143,"column":22},"end":{"line":176,"column":5}},"34":{"start":{"line":144,"column":17},"end":{"line":144,"column":51}},"35":{"start":{"line":145,"column":20},"end":{"line":145,"column":56}},"36":{"start":{"line":147,"column":6},"end":{"line":150,"column":7}},"37":{"start":{"line":148,"column":8},"end":{"line":148,"column":35}},"38":{"start":{"line":149,"column":8},"end":{"line":149,"column":14}},"39":{"start":{"line":152,"column":6},"end":{"line":175,"column":7}},"40":{"start":{"line":153,"column":8},"end":{"line":153,"column":24}},"41":{"start":{"line":155,"column":25},"end":{"line":159,"column":10}},"42":{"start":{"line":161,"column":8},"end":{"line":165,"column":9}},"43":{"start":{"line":162,"column":10},"end":{"line":162,"column":37}},"44":{"start":{"line":164,"column":10},"end":{"line":164,"column":55}},"45":{"start":{"line":167,"column":8},"end":{"line":167,"column":53}},"46":{"start":{"line":168,"column":8},"end":{"line":168,"column":48}},"47":{"start":{"line":170,"column":8},"end":{"line":172,"column":9}},"48":{"start":{"line":171,"column":12},"end":{"line":171,"column":39}},"49":{"start":{"line":174,"column":8},"end":{"line":174,"column":25}},"50":{"start":{"line":178,"column":4},"end":{"line":178,"column":15}},"51":{"start":{"line":182,"column":27},"end":{"line":211,"column":3}},"52":{"start":{"line":183,"column":4},"end":{"line":183,"column":21}},"53":{"start":{"line":184,"column":4},"end":{"line":184,"column":16}},"54":{"start":{"line":185,"column":15},"end":{"line":185,"column":49}},"55":{"start":{"line":186,"column":18},"end":{"line":186,"column":54}},"56":{"start":{"line":188,"column":4},"end":{"line":210,"column":5}},"57":{"start":{"line":189,"column":22},"end":{"line":189,"column":43}},"58":{"start":{"line":192,"column":6},"end":{"line":196,"column":8}},"59":{"start":{"line":199,"column":6},"end":{"line":199,"column":55}},"60":{"start":{"line":199,"column":23},"end":{"line":199,"column":53}},"61":{"start":{"line":201,"column":6},"end":{"line":201,"column":46}},"62":{"start":{"line":203,"column":6},"end":{"line":203,"column":47}},"63":{"start":{"line":203,"column":23},"end":{"line":203,"column":40}},"64":{"start":{"line":204,"column":6},"end":{"line":204,"column":17}},"65":{"start":{"line":206,"column":6},"end":{"line":206,"column":46}},"66":{"start":{"line":207,"column":18},"end":{"line":207,"column":82}},"67":{"start":{"line":208,"column":6},"end":{"line":208,"column":16}},"68":{"start":{"line":209,"column":6},"end":{"line":209,"column":18}},"69":{"start":{"line":213,"column":2},"end":{"line":220,"column":3}},"70":{"start":{"line":214,"column":4},"end":{"line":219,"column":5}},"71":{"start":{"line":222,"column":2},"end":{"line":285,"column":3}}},"fnMap":{"0":{"name":"(anonymous_0)","decl":{"start":{"line":19,"column":16},"end":{"line":19,"column":17}},"loc":{"start":{"line":19,"column":81},"end":{"line":132,"column":1}},"line":19},"1":{"name":"(anonymous_1)","decl":{"start":{"line":25,"column":12},"end":{"line":25,"column":13}},"loc":{"start":{"line":25,"column":18},"end":{"line":29,"column":3}},"line":25},"2":{"name":"(anonymous_2)","decl":{"start":{"line":31,"column":21},"end":{"line":31,"column":22}},"loc":{"start":{"line":31,"column":33},"end":{"line":46,"column":3}},"line":31},"3":{"name":"(anonymous_3)","decl":{"start":{"line":48,"column":23},"end":{"line":48,"column":24}},"loc":{"start":{"line":48,"column":29},"end":{"line":51,"column":3}},"line":48},"4":{"name":"(anonymous_4)","decl":{"start":{"line":72,"column":29},"end":{"line":72,"column":30}},"loc":{"start":{"line":72,"column":36},"end":{"line":72,"column":67}},"line":72},"5":{"name":"(anonymous_5)","decl":{"start":{"line":74,"column":34},"end":{"line":74,"column":35}},"loc":{"start":{"line":74,"column":53},"end":{"line":74,"column":76}},"line":74},"6":{"name":"(anonymous_6)","decl":{"start":{"line":81,"column":29},"end":{"line":81,"column":30}},"loc":{"start":{"line":81,"column":36},"end":{"line":81,"column":67}},"line":81},"7":{"name":"(anonymous_7)","decl":{"start":{"line":121,"column":25},"end":{"line":121,"column":26}},"loc":{"start":{"line":121,"column":31},"end":{"line":121,"column":49}},"line":121},"8":{"name":"(anonymous_8)","decl":{"start":{"line":134,"column":29},"end":{"line":134,"column":30}},"loc":{"start":{"line":134,"column":35},"end":{"line":286,"column":1}},"line":134},"9":{"name":"(anonymous_9)","decl":{"start":{"line":142,"column":12},"end":{"line":142,"column":13}},"loc":{"start":{"line":142,"column":18},"end":{"line":179,"column":3}},"line":142},"10":{"name":"(anonymous_10)","decl":{"start":{"line":143,"column":22},"end":{"line":143,"column":23}},"loc":{"start":{"line":143,"column":34},"end":{"line":176,"column":5}},"line":143},"11":{"name":"(anonymous_11)","decl":{"start":{"line":182,"column":27},"end":{"line":182,"column":28}},"loc":{"start":{"line":182,"column":54},"end":{"line":211,"column":3}},"line":182},"12":{"name":"(anonymous_12)","decl":{"start":{"line":199,"column":14},"end":{"line":199,"column":15}},"loc":{"start":{"line":199,"column":23},"end":{"line":199,"column":53}},"line":199},"13":{"name":"(anonymous_13)","decl":{"start":{"line":203,"column":17},"end":{"line":203,"column":18}},"loc":{"start":{"line":203,"column":23},"end":{"line":203,"column":40}},"line":203}},"branchMap":{"0":{"loc":{"start":{"line":19,"column":45},"end":{"line":19,"column":58}},"type":"default-arg","locations":[{"start":{"line":19,"column":52},"end":{"line":19,"column":58}}],"line":19},"1":{"loc":{"start":{"line":21,"column":51},"end":{"line":21,"column":83}},"type":"cond-expr","locations":[{"start":{"line":21,"column":73},"end":{"line":21,"column":75}},{"start":{"line":21,"column":78},"end":{"line":21,"column":83}}],"line":21},"2":{"loc":{"start":{"line":26,"column":4},"end":{"line":28,"column":5}},"type":"if","locations":[{"start":{"line":26,"column":4},"end":{"line":28,"column":5}},{"start":{},"end":{}}],"line":26},"3":{"loc":{"start":{"line":33,"column":4},"end":{"line":36,"column":5}},"type":"if","locations":[{"start":{"line":33,"column":4},"end":{"line":36,"column":5}},{"start":{},"end":{}}],"line":33},"4":{"loc":{"start":{"line":33,"column":8},"end":{"line":33,"column":44}},"type":"binary-expr","locations":[{"start":{"line":33,"column":8},"end":{"line":33,"column":27}},{"start":{"line":33,"column":31},"end":{"line":33,"column":44}}],"line":33},"5":{"loc":{"start":{"line":42,"column":4},"end":{"line":45,"column":5}},"type":"if","locations":[{"start":{"line":42,"column":4},"end":{"line":45,"column":5}},{"start":{},"end":{}}],"line":42},"6":{"loc":{"start":{"line":44,"column":6},"end":{"line":44,"column":50}},"type":"if","locations":[{"start":{"line":44,"column":6},"end":{"line":44,"column":50}},{"start":{},"end":{}}],"line":44},"7":{"loc":{"start":{"line":50,"column":20},"end":{"line":50,"column":52}},"type":"cond-expr","locations":[{"start":{"line":50,"column":42},"end":{"line":50,"column":44}},{"start":{"line":50,"column":47},"end":{"line":50,"column":52}}],"line":50},"8":{"loc":{"start":{"line":66,"column":11},"end":{"line":91,"column":11}},"type":"cond-expr","locations":[{"start":{"line":67,"column":12},"end":{"line":86,"column":18}},{"start":{"line":88,"column":12},"end":{"line":90,"column":16}}],"line":66},"9":{"loc":{"start":{"line":68,"column":16},"end":{"line":85,"column":16}},"type":"cond-expr","locations":[{"start":{"line":69,"column":17},"end":{"line":76,"column":19}},{"start":{"line":78,"column":17},"end":{"line":84,"column":19}}],"line":68},"10":{"loc":{"start":{"line":83,"column":32},"end":{"line":83,"column":80}},"type":"cond-expr","locations":[{"start":{"line":83,"column":54},"end":{"line":83,"column":75}},{"start":{"line":83,"column":78},"end":{"line":83,"column":80}}],"line":83},"11":{"loc":{"start":{"line":89,"column":15},"end":{"line":89,"column":76}},"type":"cond-expr","locations":[{"start":{"line":89,"column":37},"end":{"line":89,"column":47}},{"start":{"line":89,"column":51},"end":{"line":89,"column":75}}],"line":89},"12":{"loc":{"start":{"line":89,"column":51},"end":{"line":89,"column":75}},"type":"binary-expr","locations":[{"start":{"line":89,"column":51},"end":{"line":89,"column":56}},{"start":{"line":89,"column":60},"end":{"line":89,"column":75}}],"line":89},"13":{"loc":{"start":{"line":96,"column":13},"end":{"line":127,"column":13}},"type":"cond-expr","locations":[{"start":{"line":97,"column":14},"end":{"line":118,"column":17}},{"start":{"line":120,"column":14},"end":{"line":126,"column":23}}],"line":96},"14":{"loc":{"start":{"line":112,"column":19},"end":{"line":116,"column":19}},"type":"cond-expr","locations":[{"start":{"line":113,"column":20},"end":{"line":113,"column":124}},{"start":{"line":115,"column":20},"end":{"line":115,"column":63}}],"line":112},"15":{"loc":{"start":{"line":147,"column":6},"end":{"line":150,"column":7}},"type":"if","locations":[{"start":{"line":147,"column":6},"end":{"line":150,"column":7}},{"start":{},"end":{}}],"line":147},"16":{"loc":{"start":{"line":147,"column":10},"end":{"line":147,"column":23}},"type":"binary-expr","locations":[{"start":{"line":147,"column":10},"end":{"line":147,"column":13}},{"start":{"line":147,"column":17},"end":{"line":147,"column":23}}],"line":147},"17":{"loc":{"start":{"line":161,"column":8},"end":{"line":165,"column":9}},"type":"if","locations":[{"start":{"line":161,"column":8},"end":{"line":165,"column":9}},{"start":{"line":163,"column":15},"end":{"line":165,"column":9}}],"line":161},"18":{"loc":{"start":{"line":161,"column":12},"end":{"line":161,"column":47}},"type":"binary-expr","locations":[{"start":{"line":161,"column":12},"end":{"line":161,"column":25}},{"start":{"line":161,"column":29},"end":{"line":161,"column":47}}],"line":161},"19":{"loc":{"start":{"line":170,"column":8},"end":{"line":172,"column":9}},"type":"if","locations":[{"start":{"line":170,"column":8},"end":{"line":172,"column":9}},{"start":{},"end":{}}],"line":170},"20":{"loc":{"start":{"line":170,"column":12},"end":{"line":170,"column":55}},"type":"binary-expr","locations":[{"start":{"line":170,"column":12},"end":{"line":170,"column":24}},{"start":{"line":170,"column":28},"end":{"line":170,"column":55}}],"line":170},"21":{"loc":{"start":{"line":207,"column":18},"end":{"line":207,"column":82}},"type":"binary-expr","locations":[{"start":{"line":207,"column":18},"end":{"line":207,"column":41}},{"start":{"line":207,"column":45},"end":{"line":207,"column":82}}],"line":207},"22":{"loc":{"start":{"line":213,"column":2},"end":{"line":220,"column":3}},"type":"if","locations":[{"start":{"line":213,"column":2},"end":{"line":220,"column":3}},{"start":{},"end":{}}],"line":213},"23":{"loc":{"start":{"line":234,"column":9},"end":{"line":234,"column":104}},"type":"binary-expr","locations":[{"start":{"line":234,"column":9},"end":{"line":234,"column":14}},{"start":{"line":234,"column":18},"end":{"line":234,"column":104}}],"line":234},"24":{"loc":{"start":{"line":235,"column":9},"end":{"line":235,"column":144}},"type":"binary-expr","locations":[{"start":{"line":235,"column":9},"end":{"line":235,"column":19}},{"start":{"line":235,"column":23},"end":{"line":235,"column":144}}],"line":235},"25":{"loc":{"start":{"line":238,"column":9},"end":{"line":281,"column":9}},"type":"binary-expr","locations":[{"start":{"line":238,"column":9},"end":{"line":238,"column":13}},{"start":{"line":239,"column":10},"end":{"line":280,"column":16}}],"line":238}},"s":{"0":2,"1":0,"2":0,"3":0,"4":0,"5":0,"6":0,"7":0,"8":0,"9":0,"10":0,"11":0,"12":0,"13":0,"14":0,"15":0,"16":0,"17":0,"18":0,"19":0,"20":0,"21":0,"22":0,"23":0,"24":0,"25":0,"26":2,"27":0,"28":0,"29":0,"30":0,"31":0,"32":0,"33":0,"34":0,"35":0,"36":0,"37":0,"38":0,"39":0,"40":0,"41":0,"42":0,"43":0,"44":0,"45":0,"46":0,"47":0,"48":0,"49":0,"50":0,"51":0,"52":0,"53":0,"54":0,"55":0,"56":0,"57":0,"58":0,"59":0,"60":0,"61":0,"62":0,"63":0,"64":0,"65":0,"66":0,"67":0,"68":0,"69":0,"70":0,"71":0},"f":{"0":0,"1":0,"2":0,"3":0,"4":0,"5":0,"6":0,"7":0,"8":0,"9":0,"10":0,"11":0,"12":0,"13":0},"b":{"0":[0],"1":[0,0],"2":[0,0],"3":[0,0],"4":[0,0],"5":[0,0],"6":[0,0],"7":[0,0],"8":[0,0],"9":[0,0],"10":[0,0],"11":[0,0],"12":[0,0],"13":[0,0],"14":[0,0],"15":[0,0],"16":[0,0],"17":[0,0],"18":[0,0],"19":[0,0],"20":[0,0],"21":[0,0],"22":[0,0],"23":[0,0],"24":[0,0],"25":[0,0]},"_coverageSchema":"1a1c01bbd47fc00a2c39e90264f33305004495a9","hash":"0efa88ed5a9cf6766c433c0ee9b43e4cb6d95ee6"}
,"C:\\Users\\Pichau\\Desktop\\_\\FarmaFacil-ReactJS\\src\\Pages\\Lojas\\AdicionarProduto.jsx": {"path":"C:\\Users\\Pichau\\Desktop\\_\\FarmaFacil-ReactJS\\src\\Pages\\Lojas\\AdicionarProduto.jsx","statementMap":{"0":{"start":{"line":9,"column":28},"end":{"line":9,"column":42}},"1":{"start":{"line":10,"column":34},"end":{"line":10,"column":48}},"2":{"start":{"line":12,"column":28},"end":{"line":12,"column":40}},"3":{"start":{"line":13,"column":42},"end":{"line":13,"column":54}},"4":{"start":{"line":14,"column":30},"end":{"line":14,"column":42}},"5":{"start":{"line":15,"column":34},"end":{"line":15,"column":46}},"6":{"start":{"line":16,"column":28},"end":{"line":16,"column":40}},"7":{"start":{"line":17,"column":36},"end":{"line":17,"column":48}},"8":{"start":{"line":18,"column":38},"end":{"line":18,"column":50}},"9":{"start":{"line":19,"column":30},"end":{"line":19,"column":42}},"10":{"start":{"line":20,"column":34},"end":{"line":20,"column":49}},"11":{"start":{"line":21,"column":30},"end":{"line":21,"column":42}},"12":{"start":{"line":22,"column":34},"end":{"line":22,"column":46}},"13":{"start":{"line":25,"column":8},"end":{"line":28,"column":9}},"14":{"start":{"line":26,"column":12},"end":{"line":26,"column":59}},"15":{"start":{"line":27,"column":12},"end":{"line":27,"column":41}},"16":{"start":{"line":31,"column":33},"end":{"line":37,"column":5}},"17":{"start":{"line":32,"column":27},"end":{"line":32,"column":29}},"18":{"start":{"line":33,"column":8},"end":{"line":35,"column":9}},"19":{"start":{"line":34,"column":12},"end":{"line":34,"column":59}},"20":{"start":{"line":36,"column":8},"end":{"line":36,"column":30}},"21":{"start":{"line":40,"column":20},"end":{"line":40,"column":53}},"22":{"start":{"line":41,"column":8},"end":{"line":41,"column":25}},"23":{"start":{"line":45,"column":8},"end":{"line":45,"column":26}},"24":{"start":{"line":46,"column":8},"end":{"line":46,"column":24}},"25":{"start":{"line":47,"column":8},"end":{"line":47,"column":20}},"26":{"start":{"line":48,"column":8},"end":{"line":48,"column":22}},"27":{"start":{"line":50,"column":28},"end":{"line":50,"column":63}},"28":{"start":{"line":51,"column":8},"end":{"line":55,"column":9}},"29":{"start":{"line":52,"column":12},"end":{"line":52,"column":50}},"30":{"start":{"line":53,"column":12},"end":{"line":53,"column":29}},"31":{"start":{"line":54,"column":12},"end":{"line":54,"column":18}},"32":{"start":{"line":57,"column":8},"end":{"line":61,"column":9}},"33":{"start":{"line":58,"column":12},"end":{"line":58,"column":54}},"34":{"start":{"line":59,"column":12},"end":{"line":59,"column":29}},"35":{"start":{"line":60,"column":12},"end":{"line":60,"column":18}},"36":{"start":{"line":63,"column":25},"end":{"line":63,"column":39}},"37":{"start":{"line":64,"column":8},"end":{"line":64,"column":48}},"38":{"start":{"line":65,"column":8},"end":{"line":65,"column":37}},"39":{"start":{"line":66,"column":8},"end":{"line":66,"column":52}},"40":{"start":{"line":67,"column":8},"end":{"line":67,"column":39}},"41":{"start":{"line":68,"column":8},"end":{"line":68,"column":46}},"42":{"start":{"line":69,"column":8},"end":{"line":69,"column":45}},"43":{"start":{"line":70,"column":8},"end":{"line":70,"column":37}},"44":{"start":{"line":71,"column":8},"end":{"line":71,"column":39}},"45":{"start":{"line":72,"column":8},"end":{"line":72,"column":47}},"46":{"start":{"line":73,"column":8},"end":{"line":75,"column":9}},"47":{"start":{"line":74,"column":12},"end":{"line":74,"column":46}},"48":{"start":{"line":77,"column":8},"end":{"line":99,"column":9}},"49":{"start":{"line":78,"column":12},"end":{"line":82,"column":14}},"50":{"start":{"line":83,"column":12},"end":{"line":83,"column":57}},"51":{"start":{"line":85,"column":12},"end":{"line":85,"column":23}},"52":{"start":{"line":86,"column":12},"end":{"line":86,"column":30}},"53":{"start":{"line":87,"column":12},"end":{"line":87,"column":24}},"54":{"start":{"line":88,"column":12},"end":{"line":88,"column":26}},"55":{"start":{"line":89,"column":12},"end":{"line":89,"column":23}},"56":{"start":{"line":90,"column":12},"end":{"line":90,"column":27}},"57":{"start":{"line":91,"column":12},"end":{"line":91,"column":28}},"58":{"start":{"line":92,"column":12},"end":{"line":92,"column":24}},"59":{"start":{"line":93,"column":12},"end":{"line":93,"column":25}},"60":{"start":{"line":94,"column":12},"end":{"line":94,"column":28}},"61":{"start":{"line":96,"column":12},"end":{"line":96,"column":56}},"62":{"start":{"line":98,"column":12},"end":{"line":98,"column":29}},"63":{"start":{"line":102,"column":4},"end":{"line":294,"column":5}},"64":{"start":{"line":175,"column":47},"end":{"line":175,"column":70}},"65":{"start":{"line":191,"column":47},"end":{"line":191,"column":77}},"66":{"start":{"line":226,"column":36},"end":{"line":228,"column":37}},"67":{"start":{"line":227,"column":40},"end":{"line":227,"column":59}},"68":{"start":{"line":245,"column":47},"end":{"line":245,"column":70}},"69":{"start":{"line":261,"column":47},"end":{"line":261,"column":74}},"70":{"start":{"line":277,"column":47},"end":{"line":277,"column":71}}},"fnMap":{"0":{"name":"AdicionarProduto","decl":{"start":{"line":8,"column":9},"end":{"line":8,"column":25}},"loc":{"start":{"line":8,"column":28},"end":{"line":295,"column":1}},"line":8},"1":{"name":"handleChange","decl":{"start":{"line":24,"column":13},"end":{"line":24,"column":25}},"loc":{"start":{"line":24,"column":29},"end":{"line":29,"column":5}},"line":24},"2":{"name":"(anonymous_2)","decl":{"start":{"line":31,"column":33},"end":{"line":31,"column":34}},"loc":{"start":{"line":31,"column":55},"end":{"line":37,"column":5}},"line":31},"3":{"name":"handleEstoqueChange","decl":{"start":{"line":39,"column":13},"end":{"line":39,"column":32}},"loc":{"start":{"line":39,"column":36},"end":{"line":42,"column":5}},"line":39},"4":{"name":"handleSubmit","decl":{"start":{"line":44,"column":19},"end":{"line":44,"column":31}},"loc":{"start":{"line":44,"column":35},"end":{"line":100,"column":5}},"line":44},"5":{"name":"(anonymous_5)","decl":{"start":{"line":175,"column":42},"end":{"line":175,"column":43}},"loc":{"start":{"line":175,"column":47},"end":{"line":175,"column":70}},"line":175},"6":{"name":"(anonymous_6)","decl":{"start":{"line":191,"column":42},"end":{"line":191,"column":43}},"loc":{"start":{"line":191,"column":47},"end":{"line":191,"column":77}},"line":191},"7":{"name":"(anonymous_7)","decl":{"start":{"line":225,"column":43},"end":{"line":225,"column":44}},"loc":{"start":{"line":225,"column":50},"end":{"line":229,"column":33}},"line":225},"8":{"name":"(anonymous_8)","decl":{"start":{"line":245,"column":42},"end":{"line":245,"column":43}},"loc":{"start":{"line":245,"column":47},"end":{"line":245,"column":70}},"line":245},"9":{"name":"(anonymous_9)","decl":{"start":{"line":261,"column":42},"end":{"line":261,"column":43}},"loc":{"start":{"line":261,"column":47},"end":{"line":261,"column":74}},"line":261},"10":{"name":"(anonymous_10)","decl":{"start":{"line":277,"column":42},"end":{"line":277,"column":43}},"loc":{"start":{"line":277,"column":47},"end":{"line":277,"column":71}},"line":277}},"branchMap":{"0":{"loc":{"start":{"line":25,"column":8},"end":{"line":28,"column":9}},"type":"if","locations":[{"start":{"line":25,"column":8},"end":{"line":28,"column":9}},{"start":{},"end":{}}],"line":25},"1":{"loc":{"start":{"line":25,"column":12},"end":{"line":25,"column":47}},"type":"binary-expr","locations":[{"start":{"line":25,"column":12},"end":{"line":25,"column":26}},{"start":{"line":25,"column":30},"end":{"line":25,"column":47}}],"line":25},"2":{"loc":{"start":{"line":33,"column":8},"end":{"line":35,"column":9}},"type":"if","locations":[{"start":{"line":33,"column":8},"end":{"line":35,"column":9}},{"start":{},"end":{}}],"line":33},"3":{"loc":{"start":{"line":51,"column":8},"end":{"line":55,"column":9}},"type":"if","locations":[{"start":{"line":51,"column":8},"end":{"line":55,"column":9}},{"start":{},"end":{}}],"line":51},"4":{"loc":{"start":{"line":57,"column":8},"end":{"line":61,"column":9}},"type":"if","locations":[{"start":{"line":57,"column":8},"end":{"line":61,"column":9}},{"start":{},"end":{}}],"line":57},"5":{"loc":{"start":{"line":73,"column":8},"end":{"line":75,"column":9}},"type":"if","locations":[{"start":{"line":73,"column":8},"end":{"line":75,"column":9}},{"start":{},"end":{}}],"line":73},"6":{"loc":{"start":{"line":123,"column":29},"end":{"line":143,"column":29}},"type":"binary-expr","locations":[{"start":{"line":123,"column":29},"end":{"line":123,"column":33}},{"start":{"line":124,"column":32},"end":{"line":142,"column":38}}],"line":123},"7":{"loc":{"start":{"line":226,"column":36},"end":{"line":228,"column":37}},"type":"if","locations":[{"start":{"line":226,"column":36},"end":{"line":228,"column":37}},{"start":{},"end":{}}],"line":226},"8":{"loc":{"start":{"line":226,"column":40},"end":{"line":226,"column":70}},"type":"binary-expr","locations":[{"start":{"line":226,"column":40},"end":{"line":226,"column":53}},{"start":{"line":226,"column":57},"end":{"line":226,"column":70}}],"line":226},"9":{"loc":{"start":{"line":281,"column":25},"end":{"line":281,"column":94}},"type":"binary-expr","locations":[{"start":{"line":281,"column":25},"end":{"line":281,"column":30}},{"start":{"line":281,"column":34},"end":{"line":281,"column":94}}],"line":281},"10":{"loc":{"start":{"line":282,"column":25},"end":{"line":282,"column":100}},"type":"binary-expr","locations":[{"start":{"line":282,"column":25},"end":{"line":282,"column":32}},{"start":{"line":282,"column":36},"end":{"line":282,"column":100}}],"line":282},"11":{"loc":{"start":{"line":286,"column":37},"end":{"line":286,"column":85}},"type":"cond-expr","locations":[{"start":{"line":286,"column":47},"end":{"line":286,"column":63}},{"start":{"line":286,"column":66},"end":{"line":286,"column":85}}],"line":286}},"s":{"0":0,"1":0,"2":0,"3":0,"4":0,"5":0,"6":0,"7":0,"8":0,"9":0,"10":0,"11":0,"12":0,"13":0,"14":0,"15":0,"16":0,"17":0,"18":0,"19":0,"20":0,"21":0,"22":0,"23":0,"24":0,"25":0,"26":0,"27":0,"28":0,"29":0,"30":0,"31":0,"32":0,"33":0,"34":0,"35":0,"36":0,"37":0,"38":0,"39":0,"40":0,"41":0,"42":0,"43":0,"44":0,"45":0,"46":0,"47":0,"48":0,"49":0,"50":0,"51":0,"52":0,"53":0,"54":0,"55":0,"56":0,"57":0,"58":0,"59":0,"60":0,"61":0,"62":0,"63":0,"64":0,"65":0,"66":0,"67":0,"68":0,"69":0,"70":0},"f":{"0":0,"1":0,"2":0,"3":0,"4":0,"5":0,"6":0,"7":0,"8":0,"9":0,"10":0},"b":{"0":[0,0],"1":[0,0],"2":[0,0],"3":[0,0],"4":[0,0],"5":[0,0],"6":[0,0],"7":[0,0],"8":[0,0],"9":[0,0],"10":[0,0],"11":[0,0]},"_coverageSchema":"1a1c01bbd47fc00a2c39e90264f33305004495a9","hash":"8b62b2684db97be90c79c3296b537495f2748c44"}
,"C:\\Users\\Pichau\\Desktop\\_\\FarmaFacil-ReactJS\\src\\Pages\\Lojas\\ConfiguracoesLoja.jsx": {"path":"C:\\Users\\Pichau\\Desktop\\_\\FarmaFacil-ReactJS\\src\\Pages\\Lojas\\ConfiguracoesLoja.jsx","statementMap":{"0":{"start":{"line":15,"column":19},"end":{"line":15,"column":32}},"1":{"start":{"line":16,"column":13},"end":{"line":16,"column":48}},"2":{"start":{"line":17,"column":16},"end":{"line":17,"column":49}},"3":{"start":{"line":18,"column":26},"end":{"line":18,"column":38}},"4":{"start":{"line":19,"column":26},"end":{"line":19,"column":38}},"5":{"start":{"line":20,"column":28},"end":{"line":20,"column":40}},"6":{"start":{"line":21,"column":34},"end":{"line":21,"column":46}},"7":{"start":{"line":22,"column":40},"end":{"line":22,"column":52}},"8":{"start":{"line":24,"column":36},"end":{"line":24,"column":51}},"9":{"start":{"line":25,"column":32},"end":{"line":25,"column":47}},"10":{"start":{"line":26,"column":44},"end":{"line":26,"column":59}},"11":{"start":{"line":28,"column":30},"end":{"line":42,"column":3}},"12":{"start":{"line":29,"column":4},"end":{"line":29,"column":23}},"13":{"start":{"line":30,"column":4},"end":{"line":41,"column":5}},"14":{"start":{"line":31,"column":17},"end":{"line":31,"column":58}},"15":{"start":{"line":32,"column":6},"end":{"line":32,"column":31}},"16":{"start":{"line":33,"column":6},"end":{"line":33,"column":50}},"17":{"start":{"line":34,"column":6},"end":{"line":34,"column":44}},"18":{"start":{"line":35,"column":6},"end":{"line":35,"column":42}},"19":{"start":{"line":36,"column":6},"end":{"line":36,"column":19}},"20":{"start":{"line":38,"column":6},"end":{"line":38,"column":59}},"21":{"start":{"line":40,"column":6},"end":{"line":40,"column":23}},"22":{"start":{"line":45,"column":4},"end":{"line":45,"column":26}},"23":{"start":{"line":46,"column":4},"end":{"line":46,"column":40}},"24":{"start":{"line":47,"column":4},"end":{"line":47,"column":42}},"25":{"start":{"line":48,"column":4},"end":{"line":48,"column":27}},"26":{"start":{"line":49,"column":4},"end":{"line":49,"column":17}},"27":{"start":{"line":52,"column":24},"end":{"line":76,"column":3}},"28":{"start":{"line":53,"column":4},"end":{"line":75,"column":5}},"29":{"start":{"line":55,"column":23},"end":{"line":59,"column":8}},"30":{"start":{"line":61,"column":20},"end":{"line":61,"column":40}},"31":{"start":{"line":62,"column":6},"end":{"line":72,"column":7}},"32":{"start":{"line":63,"column":8},"end":{"line":63,"column":27}},"33":{"start":{"line":64,"column":8},"end":{"line":64,"column":27}},"34":{"start":{"line":65,"column":8},"end":{"line":65,"column":29}},"35":{"start":{"line":66,"column":8},"end":{"line":66,"column":87}},"36":{"start":{"line":67,"column":8},"end":{"line":71,"column":9}},"37":{"start":{"line":68,"column":10},"end":{"line":68,"column":43}},"38":{"start":{"line":70,"column":10},"end":{"line":70,"column":34}},"39":{"start":{"line":74,"column":6},"end":{"line":74,"column":63}},"40":{"start":{"line":78,"column":2},"end":{"line":80,"column":8}},"41":{"start":{"line":79,"column":4},"end":{"line":79,"column":19}},"42":{"start":{"line":82,"column":2},"end":{"line":152,"column":3}},"43":{"start":{"line":123,"column":29},"end":{"line":123,"column":47}},"44":{"start":{"line":136,"column":25},"end":{"line":136,"column":44}}},"fnMap":{"0":{"name":"ConfiguracoesLoja","decl":{"start":{"line":14,"column":9},"end":{"line":14,"column":26}},"loc":{"start":{"line":14,"column":29},"end":{"line":153,"column":1}},"line":14},"1":{"name":"(anonymous_1)","decl":{"start":{"line":28,"column":30},"end":{"line":28,"column":31}},"loc":{"start":{"line":28,"column":42},"end":{"line":42,"column":3}},"line":28},"2":{"name":"handleLogout","decl":{"start":{"line":44,"column":11},"end":{"line":44,"column":23}},"loc":{"start":{"line":44,"column":26},"end":{"line":50,"column":3}},"line":44},"3":{"name":"(anonymous_3)","decl":{"start":{"line":52,"column":24},"end":{"line":52,"column":25}},"loc":{"start":{"line":52,"column":36},"end":{"line":76,"column":3}},"line":52},"4":{"name":"(anonymous_4)","decl":{"start":{"line":78,"column":12},"end":{"line":78,"column":13}},"loc":{"start":{"line":78,"column":18},"end":{"line":80,"column":3}},"line":78},"5":{"name":"(anonymous_5)","decl":{"start":{"line":123,"column":23},"end":{"line":123,"column":24}},"loc":{"start":{"line":123,"column":29},"end":{"line":123,"column":47}},"line":123},"6":{"name":"(anonymous_6)","decl":{"start":{"line":136,"column":19},"end":{"line":136,"column":20}},"loc":{"start":{"line":136,"column":25},"end":{"line":136,"column":44}},"line":136}},"branchMap":{"0":{"loc":{"start":{"line":62,"column":6},"end":{"line":72,"column":7}},"type":"if","locations":[{"start":{"line":62,"column":6},"end":{"line":72,"column":7}},{"start":{},"end":{}}],"line":62},"1":{"loc":{"start":{"line":67,"column":8},"end":{"line":71,"column":9}},"type":"if","locations":[{"start":{"line":67,"column":8},"end":{"line":71,"column":9}},{"start":{"line":69,"column":15},"end":{"line":71,"column":9}}],"line":67},"2":{"loc":{"start":{"line":100,"column":29},"end":{"line":100,"column":65}},"type":"cond-expr","locations":[{"start":{"line":100,"column":36},"end":{"line":100,"column":50}},{"start":{"line":100,"column":53},"end":{"line":100,"column":65}}],"line":100},"3":{"loc":{"start":{"line":101,"column":29},"end":{"line":101,"column":55}},"type":"cond-expr","locations":[{"start":{"line":101,"column":36},"end":{"line":101,"column":40}},{"start":{"line":101,"column":43},"end":{"line":101,"column":55}}],"line":101},"4":{"loc":{"start":{"line":102,"column":31},"end":{"line":102,"column":59}},"type":"cond-expr","locations":[{"start":{"line":102,"column":39},"end":{"line":102,"column":44}},{"start":{"line":102,"column":47},"end":{"line":102,"column":59}}],"line":102},"5":{"loc":{"start":{"line":105,"column":21},"end":{"line":105,"column":55}},"type":"cond-expr","locations":[{"start":{"line":105,"column":32},"end":{"line":105,"column":40}},{"start":{"line":105,"column":43},"end":{"line":105,"column":55}}],"line":105},"6":{"loc":{"start":{"line":118,"column":21},"end":{"line":118,"column":55}},"type":"cond-expr","locations":[{"start":{"line":118,"column":31},"end":{"line":118,"column":46}},{"start":{"line":118,"column":49},"end":{"line":118,"column":55}}],"line":118},"7":{"loc":{"start":{"line":142,"column":23},"end":{"line":142,"column":71}},"type":"cond-expr","locations":[{"start":{"line":142,"column":39},"end":{"line":142,"column":54}},{"start":{"line":142,"column":57},"end":{"line":142,"column":71}}],"line":142}},"s":{"0":0,"1":0,"2":0,"3":0,"4":0,"5":0,"6":0,"7":0,"8":0,"9":0,"10":0,"11":0,"12":0,"13":0,"14":0,"15":0,"16":0,"17":0,"18":0,"19":0,"20":0,"21":0,"22":0,"23":0,"24":0,"25":0,"26":0,"27":0,"28":0,"29":0,"30":0,"31":0,"32":0,"33":0,"34":0,"35":0,"36":0,"37":0,"38":0,"39":0,"40":0,"41":0,"42":0,"43":0,"44":0},"f":{"0":0,"1":0,"2":0,"3":0,"4":0,"5":0,"6":0},"b":{"0":[0,0],"1":[0,0],"2":[0,0],"3":[0,0],"4":[0,0],"5":[0,0],"6":[0,0],"7":[0,0]},"_coverageSchema":"1a1c01bbd47fc00a2c39e90264f33305004495a9","hash":"126f681eab26e7128b0576a8906555eba7a4ac66"}
[...]
101},"11":{"loc":{"start":{"line":105,"column":4},"end":{"line":108,"column":5}},"type":"if","locations":[{"start":{"line":105,"column":4},"end":{"line":108,"column":5}},{"start":{},"end":{}}],"line":105},"12":{"loc":{"start":{"line":110,"column":4},"end":{"line":113,"column":5}},"type":"if","locations":[{"start":{"line":110,"column":4},"end":{"line":113,"column":5}},{"start":{},"end":{}}],"line":110},"13":{"loc":{"start":{"line":134,"column":6},"end":{"line":142,"column":7}},"type":"if","locations":[{"start":{"line":134,"column":6},"end":{"line":142,"column":7}},{"start":{"line":140,"column":13},"end":{"line":142,"column":7}}],"line":134},"14":{"loc":{"start":{"line":141,"column":17},"end":{"line":141,"column":58}},"type":"binary-expr","locations":[{"start":{"line":141,"column":17},"end":{"line":141,"column":35}},{"start":{"line":141,"column":39},"end":{"line":141,"column":58}}],"line":141},"15":{"loc":{"start":{"line":145,"column":15},"end":{"line":145,"column":61}},"type":"binary-expr","locations":[{"start":{"line":145,"column":15},"end":{"line":145,"column":38}},{"start":{"line":145,"column":42},"end":{"line":145,"column":61}}],"line":145},"16":{"loc":{"start":{"line":154,"column":4},"end":{"line":159,"column":5}},"type":"if","locations":[{"start":{"line":154,"column":4},"end":{"line":159,"column":5}},{"start":{},"end":{}}],"line":154},"17":{"loc":{"start":{"line":161,"column":6},"end":{"line":161,"column":37}},"type":"if","locations":[{"start":{"line":161,"column":6},"end":{"line":161,"column":37}},{"start":{},"end":{}}],"line":161},"18":{"loc":{"start":{"line":185,"column":11},"end":{"line":199,"column":11}},"type":"binary-expr","locations":[{"start":{"line":185,"column":11},"end":{"line":185,"column":22}},{"start":{"line":186,"column":12},"end":{"line":198,"column":15}}],"line":185},"19":{"loc":{"start":{"line":202,"column":11},"end":{"line":220,"column":11}},"type":"binary-expr","locations":[{"start":{"line":202,"column":11},"end":{"line":202,"column":22}},{"start":{"line":203,"column":12},"end":{"line":219,"column":15}}],"line":202},"20":{"loc":{"start":{"line":223,"column":11},"end":{"line":250,"column":11}},"type":"binary-expr","locations":[{"start":{"line":223,"column":11},"end":{"line":223,"column":22}},{"start":{"line":223,"column":26},"end":{"line":223,"column":34}},{"start":{"line":224,"column":12},"end":{"line":249,"column":15}}],"line":223},"21":{"loc":{"start":{"line":228,"column":33},"end":{"line":228,"column":89}},"type":"cond-expr","locations":[{"start":{"line":228,"column":56},"end":{"line":228,"column":72}},{"start":{"line":228,"column":75},"end":{"line":228,"column":89}}],"line":228},"22":{"loc":{"start":{"line":229,"column":19},"end":{"line":229,"column":51}},"type":"cond-expr","locations":[{"start":{"line":229,"column":42},"end":{"line":229,"column":45}},{"start":{"line":229,"column":48},"end":{"line":229,"column":51}}],"line":229},"23":{"loc":{"start":{"line":232,"column":33},"end":{"line":232,"column":88}},"type":"cond-expr","locations":[{"start":{"line":232,"column":55},"end":{"line":232,"column":71}},{"start":{"line":232,"column":74},"end":{"line":232,"column":88}}],"line":232},"24":{"loc":{"start":{"line":233,"column":19},"end":{"line":233,"column":50}},"type":"cond-expr","locations":[{"start":{"line":233,"column":41},"end":{"line":233,"column":44}},{"start":{"line":233,"column":47},"end":{"line":233,"column":50}}],"line":233},"25":{"loc":{"start":{"line":236,"column":33},"end":{"line":236,"column":88}},"type":"cond-expr","locations":[{"start":{"line":236,"column":55},"end":{"line":236,"column":71}},{"start":{"line":236,"column":74},"end":{"line":236,"column":88}}],"line":236},"26":{"loc":{"start":{"line":237,"column":19},"end":{"line":237,"column":50}},"type":"cond-expr","locations":[{"start":{"line":237,"column":41},"end":{"line":237,"column":44}},{"start":{"line":237,"column":47},"end":{"line":237,"column":50}}],"line":237},"27":{"loc":{"start":{"line":240,"column":33},"end":{"line":240,"column":89}},"type":"cond-expr","locations":[{"start":{"line":240,"column":56},"end":{"line":240,"column":72}},{"start":{"line":240,"column":75},"end":{"line":240,"column":89}}],"line":240},"28":{"loc":{"start":{"line":241,"column":19},"end":{"line":241,"column":51}},"type":"cond-expr","locations":[{"start":{"line":241,"column":42},"end":{"line":241,"column":45}},{"start":{"line":241,"column":48},"end":{"line":241,"column":51}}],"line":241},"29":{"loc":{"start":{"line":244,"column":33},"end":{"line":244,"column":90}},"type":"cond-expr","locations":[{"start":{"line":244,"column":57},"end":{"line":244,"column":73}},{"start":{"line":244,"column":76},"end":{"line":244,"column":90}}],"line":244},"30":{"loc":{"start":{"line":245,"column":19},"end":{"line":245,"column":52}},"type":"cond-expr","locations":[{"start":{"line":245,"column":43},"end":{"line":245,"column":46}},{"start":{"line":245,"column":49},"end":{"line":245,"column":52}}],"line":245},"31":{"loc":{"start":{"line":253,"column":11},"end":{"line":257,"column":11}},"type":"binary-expr","locations":[{"start":{"line":253,"column":11},"end":{"line":253,"column":18}},{"start":{"line":254,"column":12},"end":{"line":256,"column":18}}],"line":253},"32":{"loc":{"start":{"line":259,"column":11},"end":{"line":259,"column":75}},"type":"binary-expr","locations":[{"start":{"line":259,"column":11},"end":{"line":259,"column":16}},{"start":{"line":259,"column":20},"end":{"line":259,"column":75}}],"line":259},"33":{"loc":{"start":{"line":262,"column":13},"end":{"line":266,"column":13}},"type":"binary-expr","locations":[{"start":{"line":262,"column":13},"end":{"line":262,"column":22}},{"start":{"line":262,"column":26},"end":{"line":262,"column":34}},{"start":{"line":263,"column":14},"end":{"line":265,"column":32}}],"line":262},"34":{"loc":{"start":{"line":268,"column":13},"end":{"line":278,"column":13}},"type":"binary-expr","locations":[{"start":{"line":268,"column":13},"end":{"line":268,"column":21}},{"start":{"line":269,"column":14},"end":{"line":277,"column":15}}],"line":268},"35":{"loc":{"start":{"line":269,"column":14},"end":{"line":277,"column":15}},"type":"cond-expr","locations":[{"start":{"line":270,"column":16},"end":{"line":272,"column":32}},{"start":{"line":274,"column":16},"end":{"line":276,"column":32}}],"line":269},"36":{"loc":{"start":{"line":275,"column":19},"end":{"line":275,"column":59}},"type":"cond-expr","locations":[{"start":{"line":275,"column":29},"end":{"line":275,"column":45}},{"start":{"line":275,"column":48},"end":{"line":275,"column":59}}],"line":275}},"s":{"0":0,"1":0,"2":0,"3":0,"4":0,"5":0,"6":0,"7":0,"8":0,"9":0,"10":0,"11":0,"12":0,"13":0,"14":0,"15":0,"16":0,"17":0,"18":0,"19":0,"20":0,"21":0,"22":0,"23":0,"24":0,"25":0,"26":0,"27":0,"28":0,"29":0,"30":0,"31":0,"32":0,"33":0,"34":0,"35":0,"36":0,"37":0,"38":0,"39":0,"40":0,"41":0,"42":0,"43":0,"44":0,"45":0,"46":0,"47":0,"48":0,"49":0,"50":0,"51":0,"52":0,"53":0,"54":0,"55":0,"56":0,"57":0,"58":0,"59":0,"60":0,"61":0,"62":0,"63":0,"64":0,"65":0,"66":0,"67":0,"68":0,"69":0,"70":0,"71":0,"72":0,"73":0,"74":0,"75":0,"76":0,"77":0,"78":0,"79":0,"80":0,"81":0,"82":0,"83":0,"84":0,"85":0,"86":0,"87":0,"88":0,"89":0,"90":0,"91":0,"92":0,"93":0,"94":0,"95":0,"96":0,"97":0,"98":0,"99":0},"f":{"0":0,"1":0,"2":0,"3":0,"4":0,"5":0,"6":0,"7":0,"8":0,"9":0,"10":0,"11":0,"12":0,"13":0,"14":0,"15":0,"16":0,"17":0,"18":0,"19":0,"20":0},"b":{"0":[0,0],"1":[0,0],"2":[0,0],"3":[0,0],"4":[0,0],"5":[0,0,0,0],"6":[0,0],"7":[0,0],"8":[0,0,0,0,0,0],"9":[0,0],"10":[0,0],"11":[0,0],"12":[0,0],"13":[0,0],"14":[0,0],"15":[0,0],"16":[0,0],"17":[0,0],"18":[0,0],"19":[0,0],"20":[0,0,0],"21":[0,0],"22":[0,0],"23":[0,0],"24":[0,0],"25":[0,0],"26":[0,0],"27":[0,0],"28":[0,0],"29":[0,0],"30":[0,0],"31":[0,0],"32":[0,0],"33":[0,0,0],"34":[0,0],"35":[0,0],"36":[0,0]},"_coverageSchema":"1a1c01bbd47fc00a2c39e90264f33305004495a9","hash":"28907d22af56d4643884e35e33e0920d644ce823"}
,"C:\\Users\\Pichau\\Desktop\\_\\FarmaFacil-ReactJS\\src\\Pages\\auth\\Lojas\\LoginLojas.jsx": {"path":"C:\\Users\\Pichau\\Desktop\\_\\FarmaFacil-ReactJS\\src\\Pages\\auth\\Lojas\\LoginLojas.jsx","statementMap":{"0":{"start":{"line":13,"column":21},"end":{"line":13,"column":34}},"1":{"start":{"line":15,"column":28},"end":{"line":15,"column":40}},"2":{"start":{"line":16,"column":30},"end":{"line":16,"column":42}},"3":{"start":{"line":17,"column":30},"end":{"line":17,"column":42}},"4":{"start":{"line":18,"column":34},"end":{"line":18,"column":49}},"5":{"start":{"line":20,"column":24},"end":{"line":47,"column":5}},"6":{"start":{"line":21,"column":8},"end":{"line":21,"column":26}},"7":{"start":{"line":23,"column":8},"end":{"line":26,"column":9}},"8":{"start":{"line":24,"column":12},"end":{"line":24,"column":57}},"9":{"start":{"line":25,"column":12},"end":{"line":25,"column":18}},"10":{"start":{"line":28,"column":8},"end":{"line":28,"column":24}},"11":{"start":{"line":29,"column":8},"end":{"line":29,"column":20}},"12":{"start":{"line":31,"column":8},"end":{"line":46,"column":9}},"13":{"start":{"line":32,"column":29},"end":{"line":32,"column":80}},"14":{"start":{"line":34,"column":12},"end":{"line":40,"column":13}},"15":{"start":{"line":35,"column":16},"end":{"line":35,"column":70}},"16":{"start":{"line":36,"column":16},"end":{"line":36,"column":75}},"17":{"start":{"line":37,"column":16},"end":{"line":37,"column":52}},"18":{"start":{"line":39,"column":16},"end":{"line":39,"column":69}},"19":{"start":{"line":42,"column":12},"end":{"line":42,"column":50}},"20":{"start":{"line":43,"column":12},"end":{"line":43,"column":95}},"21":{"start":{"line":45,"column":12},"end":{"line":45,"column":29}},"22":{"start":{"line":49,"column":4},"end":{"line":94,"column":5}},"23":{"start":{"line":66,"column":55},"end":{"line":66,"column":74}},"24":{"start":{"line":74,"column":41},"end":{"line":74,"column":65}}},"fnMap":{"0":{"name":"LoginLojas","decl":{"start":{"line":11,"column":9},"end":{"line":11,"column":19}},"loc":{"start":{"line":11,"column":22},"end":{"line":95,"column":1}},"line":11},"1":{"name":"(anonymous_1)","decl":{"start":{"line":20,"column":24},"end":{"line":20,"column":25}},"loc":{"start":{"line":20,"column":37},"end":{"line":47,"column":5}},"line":20},"2":{"name":"(anonymous_2)","decl":{"start":{"line":66,"column":39},"end":{"line":66,"column":40}},"loc":{"start":{"line":66,"column":55},"end":{"line":66,"column":74}},"line":66},"3":{"name":"(anonymous_3)","decl":{"start":{"line":74,"column":34},"end":{"line":74,"column":35}},"loc":{"start":{"line":74,"column":41},"end":{"line":74,"column":65}},"line":74}},"branchMap":{"0":{"loc":{"start":{"line":23,"column":8},"end":{"line":26,"column":9}},"type":"if","locations":[{"start":{"line":23,"column":8},"end":{"line":26,"column":9}},{"start":{},"end":{}}],"line":23},"1":{"loc":{"start":{"line":23,"column":12},"end":{"line":23,"column":27}},"type":"binary-expr","locations":[{"start":{"line":23,"column":12},"end":{"line":23,"column":17}},{"start":{"line":23,"column":21},"end":{"line":23,"column":27}}],"line":23},"2":{"loc":{"start":{"line":34,"column":12},"end":{"line":40,"column":13}},"type":"if","locations":[{"start":{"line":34,"column":12},"end":{"line":40,"column":13}},{"start":{"line":38,"column":19},"end":{"line":40,"column":13}}],"line":34},"3":{"loc":{"start":{"line":39,"column":25},"end":{"line":39,"column":68}},"type":"binary-expr","locations":[{"start":{"line":39,"column":25},"end":{"line":39,"column":43}},{"start":{"line":39,"column":47},"end":{"line":39,"column":68}}],"line":39},"4":{"loc":{"start":{"line":43,"column":21},"end":{"line":43,"column":94}},"type":"binary-expr","locations":[{"start":{"line":43,"column":21},"end":{"line":43,"column":46}},{"start":{"line":43,"column":50},"end":{"line":43,"column":94}}],"line":43},"5":{"loc":{"start":{"line":77,"column":21},"end":{"line":81,"column":21}},"type":"binary-expr","locations":[{"start":{"line":77,"column":21},"end":{"line":77,"column":26}},{"start":{"line":78,"column":24},"end":{"line":80,"column":30}}],"line":77},"6":{"loc":{"start":{"line":85,"column":35},"end":{"line":85,"column":70}},"type":"cond-expr","locations":[{"start":{"line":85,"column":45},"end":{"line":85,"column":60}},{"start":{"line":85,"column":63},"end":{"line":85,"column":70}}],"line":85}},"s":{"0":0,"1":0,"2":0,"3":0,"4":0,"5":0,"6":0,"7":0,"8":0,"9":0,"10":0,"11":0,"12":0,"13":0,"14":0,"15":0,"16":0,"17":0,"18":0,"19":0,"20":0,"21":0,"22":0,"23":0,"24":0},"f":{"0":0,"1":0,"2":0,"3":0},"b":{"0":[0,0],"1":[0,0],"2":[0,0],"3":[0,0],"4":[0,0],"5":[0,0],"6":[0,0]},"_coverageSchema":"1a1c01bbd47fc00a2c39e90264f33305004495a9","hash":"43c7e17993ee296a45d70ee06b83f80d08ff6f60"}
,"C:\\Users\\Pichau\\Desktop\\_\\FarmaFacil-ReactJS\\src\\services\\api.js": {"path":"C:\\Users\\Pichau\\Desktop\\_\\FarmaFacil-ReactJS\\src\\services\\api.js","statementMap":{"0":{"start":{"line":3,"column":12},"end":{"line":5,"column":2}},"1":{"start":{"line":7,"column":22},"end":{"line":9,"column":2}},"2":{"start":{"line":11,"column":27},"end":{"line":13,"column":2}}},"fnMap":{},"branchMap":{},"s":{"0":2,"1":2,"2":2},"f":{},"b":{},"_coverageSchema":"1a1c01bbd47fc00a2c39e90264f33305004495a9","hash":"cc6b80dc40723a9d4d1352308cfc8d49886753b6"}
,"C:\\Users\\Pichau\\Desktop\\_\\FarmaFacil-ReactJS\\src\\utils\\masks.js": {"path":"C:\\Users\\Pichau\\Desktop\\_\\FarmaFacil-ReactJS\\src\\utils\\masks.js","statementMap":{"0":{"start":{"line":2,"column":28},"end":{"line":9,"column":1}},"1":{"start":{"line":3,"column":4},"end":{"line":3,"column":26}},"2":{"start":{"line":3,"column":16},"end":{"line":3,"column":26}},"3":{"start":{"line":4,"column":4},"end":{"line":4,"column":37}},"4":{"start":{"line":5,"column":4},"end":{"line":5,"column":50}},"5":{"start":{"line":6,"column":4},"end":{"line":6,"column":36}},"6":{"start":{"line":7,"column":4},"end":{"line":7,"column":56}},"7":{"start":{"line":8,"column":4},"end":{"line":8,"column":25}},"8":{"start":{"line":11,"column":25},"end":{"line":23,"column":1}},"9":{"start":{"line":12,"column":4},"end":{"line":12,"column":26}},"10":{"start":{"line":12,"column":16},"end":{"line":12,"column":26}},"11":{"start":{"line":13,"column":4},"end":{"line":13,"column":37}},"12":{"start":{"line":14,"column":4},"end":{"line":14,"column":54}},"13":{"start":{"line":14,"column":27},"end":{"line":14,"column":54}},"14":{"start":{"line":15,"column":4},"end":{"line":21,"column":5}},"15":{"start":{"line":16,"column":8},"end":{"line":16,"column":71}},"16":{"start":{"line":17,"column":11},"end":{"line":21,"column":5}},"17":{"start":{"line":18,"column":8},"end":{"line":18,"column":73}},"18":{"start":{"line":19,"column":11},"end":{"line":21,"column":5}},"19":{"start":{"line":20,"column":8},"end":{"line":20,"column":61}},"20":{"start":{"line":22,"column":4},"end":{"line":22,"column":17}},"21":{"start":{"line":25,"column":23},"end":{"line":34,"column":1}},"22":{"start":{"line":26,"column":4},"end":{"line":26,"column":26}},"23":{"start":{"line":26,"column":16},"end":{"line":26,"column":26}},"24":{"start":{"line":27,"column":4},"end":{"line":27,"column":37}},"25":{"start":{"line":28,"column":4},"end":{"line":28,"column":30}},"26":{"start":{"line":30,"column":4},"end":{"line":32,"column":5}},"27":{"start":{"line":31,"column":8},"end":{"line":31,"column":60}},"28":{"start":{"line":33,"column":4},"end":{"line":33,"column":17}},"29":{"start":{"line":37,"column":23},"end":{"line":44,"column":1}},"30":{"start":{"line":38,"column":4},"end":{"line":38,"column":26}},"31":{"start":{"line":38,"column":16},"end":{"line":38,"column":26}},"32":{"start":{"line":39,"column":4},"end":{"line":39,"column":37}},"33":{"start":{"line":40,"column":4},"end":{"line":40,"column":50}},"34":{"start":{"line":41,"column":4},"end":{"line":41,"column":50}},"35":{"start":{"line":42,"column":4},"end":{"line":42,"column":56}},"36":{"start":{"line":43,"column":4},"end":{"line":43,"column":17}},"37":{"start":{"line":46,"column":24},"end":{"line":54,"column":1}},"38":{"start":{"line":47,"column":4},"end":{"line":47,"column":26}},"39":{"start":{"line":47,"column":16},"end":{"line":47,"column":26}},"40":{"start":{"line":48,"column":4},"end":{"line":48,"column":37}},"41":{"start":{"line":49,"column":4},"end":{"line":49,"column":51}},"42":{"start":{"line":50,"column":4},"end":{"line":50,"column":63}},"43":{"start":{"line":51,"column":4},"end":{"line":51,"column":53}},"44":{"start":{"line":52,"column":4},"end":{"line":52,"column":50}},"45":{"start":{"line":53,"column":4},"end":{"line":53,"column":17}}},"fnMap":{"0":{"name":"(anonymous_0)","decl":{"start":{"line":2,"column":28},"end":{"line":2,"column":29}},"loc":{"start":{"line":2,"column":39},"end":{"line":9,"column":1}},"line":2},"1":{"name":"(anonymous_1)","decl":{"start":{"line":11,"column":25},"end":{"line":11,"column":26}},"loc":{"start":{"line":11,"column":36},"end":{"line":23,"column":1}},"line":11},"2":{"name":"(anonymous_2)","decl":{"start":{"line":25,"column":23},"end":{"line":25,"column":24}},"loc":{"start":{"line":25,"column":34},"end":{"line":34,"column":1}},"line":25},"3":{"name":"(anonymous_3)","decl":{"start":{"line":37,"column":23},"end":{"line":37,"column":24}},"loc":{"start":{"line":37,"column":34},"end":{"line":44,"column":1}},"line":37},"4":{"name":"(anonymous_4)","decl":{"start":{"line":46,"column":24},"end":{"line":46,"column":25}},"loc":{"start":{"line":46,"column":35},"end":{"line":54,"column":1}},"line":46}},"branchMap":{"0":{"loc":{"start":{"line":3,"column":4},"end":{"line":3,"column":26}},"type":"if","locations":[{"start":{"line":3,"column":4},"end":{"line":3,"column":26}},{"start":{},"end":{}}],"line":3},"1":{"loc":{"start":{"line":12,"column":4},"end":{"line":12,"column":26}},"type":"if","locations":[{"start":{"line":12,"column":4},"end":{"line":12,"column":26}},{"start":{},"end":{}}],"line":12},"2":{"loc":{"start":{"line":14,"column":4},"end":{"line":14,"column":54}},"type":"if","locations":[{"start":{"line":14,"column":4},"end":{"line":14,"column":54}},{"start":{},"end":{}}],"line":14},"3":{"loc":{"start":{"line":15,"column":4},"end":{"line":21,"column":5}},"type":"if","locations":[{"start":{"line":15,"column":4},"end":{"line":21,"column":5}},{"start":{"line":17,"column":11},"end":{"line":21,"column":5}}],"line":15},"4":{"loc":{"start":{"line":17,"column":11},"end":{"line":21,"column":5}},"type":"if","locations":[{"start":{"line":17,"column":11},"end":{"line":21,"column":5}},{"start":{"line":19,"column":11},"end":{"line":21,"column":5}}],"line":17},"5":{"loc":{"start":{"line":19,"column":11},"end":{"line":21,"column":5}},"type":"if","locations":[{"start":{"line":19,"column":11},"end":{"line":21,"column":5}},{"start":{},"end":{}}],"line":19},"6":{"loc":{"start":{"line":26,"column":4},"end":{"line":26,"column":26}},"type":"if","locations":[{"start":{"line":26,"column":4},"end":{"line":26,"column":26}},{"start":{},"end":{}}],"line":26},"7":{"loc":{"start":{"line":30,"column":4},"end":{"line":32,"column":5}},"type":"if","locations":[{"start":{"line":30,"column":4},"end":{"line":32,"column":5}},{"start":{},"end":{}}],"line":30},"8":{"loc":{"start":{"line":38,"column":4},"end":{"line":38,"column":26}},"type":"if","locations":[{"start":{"line":38,"column":4},"end":{"line":38,"column":26}},{"start":{},"end":{}}],"line":38},"9":{"loc":{"start":{"line":47,"column":4},"end":{"line":47,"column":26}},"type":"if","locations":[{"start":{"line":47,"column":4},"end":{"line":47,"column":26}},{"start":{},"end":{}}],"line":47}},"s":{"0":2,"1":1,"2":0,"3":1,"4":1,"5":1,"6":1,"7":1,"8":2,"9":0,"10":0,"11":0,"12":0,"13":0,"14":0,"15":0,"16":0,"17":0,"18":0,"19":0,"20":0,"21":2,"22":0,"23":0,"24":0,"25":0,"26":0,"27":0,"28":0,"29":2,"30":0,"31":0,"32":0,"33":0,"34":0,"35":0,"36":0,"37":2,"38":0,"39":0,"40":0,"41":0,"42":0,"43":0,"44":0,"45":0},"f":{"0":1,"1":0,"2":0,"3":0,"4":0},"b":{"0":[0,1],"1":[0,0],"2":[0,0],"3":[0,0],"4":[0,0],"5":[0,0],"6":[0,0],"7":[0,0],"8":[0,0],"9":[0,0]},"_coverageSchema":"1a1c01bbd47fc00a2c39e90264f33305004495a9","hash":"55778c1f9e4b87aa88a42bd1d17e99bc741b4727"}
}
