{"total": {"lines":{"total":974,"covered":189,"skipped":0,"pct":19.4},"statements":{"total":1012,"covered":193,"skipped":0,"pct":19.07},"functions":{"total":230,"covered":40,"skipped":0,"pct":17.39},"branches":{"total":517,"covered":46,"skipped":0,"pct":8.89},"branchesTrue":{"total":0,"covered":0,"skipped":0,"pct":100}}
,"C:\\Users\\Pichau\\Desktop\\_\\FarmaFacil-ReactJS\\src\\App.jsx": {"lines":{"total":2,"covered":2,"skipped":0,"pct":100},"functions":{"total":1,"covered":1,"skipped":0,"pct":100},"statements":{"total":2,"covered":2,"skipped":0,"pct":100},"branches":{"total":0,"covered":0,"skipped":0,"pct":100}}
,"C:\\Users\\Pichau\\Desktop\\_\\FarmaFacil-ReactJS\\src\\main.jsx": {"lines":{"total":1,"covered":1,"skipped":0,"pct":100},"functions":{"total":0,"covered":0,"skipped":0,"pct":100},"statements":{"total":1,"covered":1,"skipped":0,"pct":100},"branches":{"total":0,"covered":0,"skipped":0,"pct":100}}
,"C:\\Users\\Pichau\\Desktop\\_\\FarmaFacil-ReactJS\\src\\Components\\Buttons.jsx": {"lines":{"total":24,"covered":17,"skipped":0,"pct":70.83},"functions":{"total":7,"covered":4,"skipped":0,"pct":57.14},"statements":{"total":24,"covered":17,"skipped":0,"pct":70.83},"branches":{"total":17,"covered":8,"skipped":0,"pct":47.05}}
,"C:\\Users\\Pichau\\Desktop\\_\\FarmaFacil-ReactJS\\src\\Components\\ColorDictionary.jsx": {"lines":{"total":5,"covered":4,"skipped":0,"pct":80},"functions":{"total":1,"covered":1,"skipped":0,"pct":100},"statements":{"total":5,"covered":4,"skipped":0,"pct":80},"branches":{"total":2,"covered":1,"skipped":0,"pct":50}}
,"C:\\Users\\Pichau\\Desktop\\_\\FarmaFacil-ReactJS\\src\\Components\\Containers.jsx": {"lines":{"total":5,"covered":4,"skipped":0,"pct":80},"functions":{"total":3,"covered":2,"skipped":0,"pct":66.66},"statements":{"total":5,"covered":4,"skipped":0,"pct":80},"branches":{"total":8,"covered":0,"skipped":0,"pct":0}}
,"C:\\Users\\Pichau\\Desktop\\_\\FarmaFacil-ReactJS\\src\\Components\\Footer.jsx": {"lines":{"total":5,"covered":4,"skipped":0,"pct":80},"functions":{"total":1,"covered":1,"skipped":0,"pct":100},"statements":{"total":5,"covered":4,"skipped":0,"pct":80},"branches":{"total":14,"covered":9,"skipped":0,"pct":64.28}}
,"C:\\Users\\Pichau\\Desktop\\_\\FarmaFacil-ReactJS\\src\\Components\\Forms.jsx": {"lines":{"total":1,"covered":0,"skipped":0,"pct":0},"functions":{"total":1,"covered":0,"skipped":0,"pct":0},"statements":{"total":1,"covered":0,"skipped":0,"pct":0},"branches":{"total":0,"covered":0,"skipped":0,"pct":100}}
,"C:\\Users\\Pichau\\Desktop\\_\\FarmaFacil-ReactJS\\src\\Components\\Inputs.jsx": {"lines":{"total":27,"covered":15,"skipped":0,"pct":55.55},"functions":{"total":6,"covered":4,"skipped":0,"pct":66.66},"statements":{"total":28,"covered":16,"skipped":0,"pct":57.14},"branches":{"total":26,"covered":13,"skipped":0,"pct":50}}
,"C:\\Users\\Pichau\\Desktop\\_\\FarmaFacil-ReactJS\\src\\Components\\Links.jsx": {"lines":{"total":4,"covered":3,"skipped":0,"pct":75},"functions":{"total":2,"covered":1,"skipped":0,"pct":50},"statements":{"total":4,"covered":3,"skipped":0,"pct":75},"branches":{"total":0,"covered":0,"skipped":0,"pct":100}}
,"C:\\Users\\Pichau\\Desktop\\_\\FarmaFacil-ReactJS\\src\\Components\\Modals.jsx": {"lines":{"total":2,"covered":0,"skipped":0,"pct":0},"functions":{"total":1,"covered":0,"skipped":0,"pct":0},"statements":{"total":3,"covered":0,"skipped":0,"pct":0},"branches":{"total":15,"covered":0,"skipped":0,"pct":0}}
,"C:\\Users\\Pichau\\Desktop\\_\\FarmaFacil-ReactJS\\src\\Components\\Pedidos.jsx": {"lines":{"total":1,"covered":0,"skipped":0,"pct":0},"functions":{"total":1,"covered":0,"skipped":0,"pct":0},"statements":{"total":1,"covered":0,"skipped":0,"pct":0},"branches":{"total":0,"covered":0,"skipped":0,"pct":100}}
,"C:\\Users\\Pichau\\Desktop\\_\\FarmaFacil-ReactJS\\src\\Components\\RoutesComponent.jsx": {"lines":{"total":32,"covered":14,"skipped":0,"pct":43.75},"functions":{"total":6,"covered":2,"skipped":0,"pct":33.33},"statements":{"total":42,"covered":14,"skipped":0,"pct":33.33},"branches":{"total":20,"covered":3,"skipped":0,"pct":15}}
,"C:\\Users\\Pichau\\Desktop\\_\\FarmaFacil-ReactJS\\src\\Components\\Tables.jsx": {"lines":{"total":4,"covered":3,"skipped":0,"pct":75},"functions":{"total":4,"covered":3,"skipped":0,"pct":75},"statements":{"total":4,"covered":3,"skipped":0,"pct":75},"branches":{"total":0,"covered":0,"skipped":0,"pct":100}}
,"C:\\Users\\Pichau\\Desktop\\_\\FarmaFacil-ReactJS\\src\\Components\\Tabs.jsx": {"lines":{"total":5,"covered":0,"skipped":0,"pct":0},"functions":{"total":4,"covered":0,"skipped":0,"pct":0},"statements":{"total":5,"covered":0,"skipped":0,"pct":0},"branches":{"total":6,"covered":0,"skipped":0,"pct":0}}
,"C:\\Users\\Pichau\\Desktop\\_\\FarmaFacil-ReactJS\\src\\Components\\Titles.jsx": {"lines":{"total":8,"covered":6,"skipped":0,"pct":75},"functions":{"total":4,"covered":2,"skipped":0,"pct":50},"statements":{"total":8,"covered":6,"skipped":0,"pct":75},"branches":{"total":0,"covered":0,"skipped":0,"pct":100}}
,"C:\\Users\\Pichau\\Desktop\\_\\FarmaFacil-ReactJS\\src\\Pages\\HomeClientes.jsx": {"lines":{"total":56,"covered":1,"skipped":0,"pct":1.78},"functions":{"total":13,"covered":0,"skipped":0,"pct":0},"statements":{"total":57,"covered":1,"skipped":0,"pct":1.75},"branches":{"total":22,"covered":0,"skipped":0,"pct":0}}
,"C:\\Users\\Pichau\\Desktop\\_\\FarmaFacil-ReactJS\\src\\Pages\\Landing.jsx": {"lines":{"total":1,"covered":0,"skipped":0,"pct":0},"functions":{"total":1,"covered":0,"skipped":0,"pct":0},"statements":{"total":1,"covered":0,"skipped":0,"pct":0},"branches":{"total":0,"covered":0,"skipped":0,"pct":100}}
,"C:\\Users\\Pichau\\Desktop\\_\\FarmaFacil-ReactJS\\src\\Pages\\Clientes\\ConfiguracoesCliente.jsx": {"lines":{"total":69,"covered":2,"skipped":0,"pct":2.89},"functions":{"total":14,"covered":0,"skipped":0,"pct":0},"statements":{"total":72,"covered":2,"skipped":0,"pct":2.77},"branches":{"total":51,"covered":0,"skipped":0,"pct":0}}
,"C:\\Users\\Pichau\\Desktop\\_\\FarmaFacil-ReactJS\\src\\Pages\\Lojas\\AdicionarProduto.jsx": {"lines":{"total":71,"covered":0,"skipped":0,"pct":0},"functions":{"total":11,"covered":0,"skipped":0,"pct":0},"statements":{"total":71,"covered":0,"skipped":0,"pct":0},"branches":{"total":24,"covered":0,"skipped":0,"pct":0}}
,"C:\\Users\\Pichau\\Desktop\\_\\FarmaFacil-ReactJS\\src\\Pages\\Lojas\\ConfiguracoesLoja.jsx": {"lines":{"total":45,"covered":0,"skipped":0,"pct":0},"functions":{"total":7,"covered":0,"skipped":0,"pct":0},"statements":{"total":45,"covered":0,"skipped":0,"pct":0},"branches":{"total":16,"covered":0,"skipped":0,"pct":0}}
,"C:\\Users\\Pichau\\Desktop\\_\\FarmaFacil-ReactJS\\src\\Pages\\Lojas\\EditarLoja.jsx": {"lines":{"total":53,"covered":0,"skipped":0,"pct":0},"functions":{"total":12,"covered":0,"skipped":0,"pct":0},"statements":{"total":53,"covered":0,"skipped":0,"pct":0},"branches":{"total":12,"covered":0,"skipped":0,"pct":0}}
,"C:\\Users\\Pichau\\Desktop\\_\\FarmaFacil-ReactJS\\src\\Pages\\Lojas\\EditarProduto.jsx": {"lines":{"total":75,"covered":42,"skipped":0,"pct":56},"functions":{"total":14,"covered":5,"skipped":0,"pct":35.71},"statements":{"total":75,"covered":42,"skipped":0,"pct":56},"branches":{"total":12,"covered":3,"skipped":0,"pct":25}}
,"C:\\Users\\Pichau\\Desktop\\_\\FarmaFacil-ReactJS\\src\\Pages\\Lojas\\Estoque.jsx": {"lines":{"total":38,"covered":20,"skipped":0,"pct":52.63},"functions":{"total":9,"covered":5,"skipped":0,"pct":55.55},"statements":{"total":40,"covered":21,"skipped":0,"pct":52.5},"branches":{"total":8,"covered":2,"skipped":0,"pct":25}}
,"C:\\Users\\Pichau\\Desktop\\_\\FarmaFacil-ReactJS\\src\\Pages\\Lojas\\HomeLojas.jsx": {"lines":{"total":22,"covered":21,"skipped":0,"pct":95.45},"functions":{"total":8,"covered":8,"skipped":0,"pct":100},"statements":{"total":24,"covered":23,"skipped":0,"pct":95.83},"branches":{"total":6,"covered":6,"skipped":0,"pct":100}}
,"C:\\Users\\Pichau\\Desktop\\_\\FarmaFacil-ReactJS\\src\\Pages\\Lojas\\Pedidos\\DetalhesPedidoLoja.jsx": {"lines":{"total":23,"covered":2,"skipped":0,"pct":8.69},"functions":{"total":7,"covered":0,"skipped":0,"pct":0},"statements":{"total":23,"covered":2,"skipped":0,"pct":8.69},"branches":{"total":4,"covered":0,"skipped":0,"pct":0}}
,"C:\\Users\\Pichau\\Desktop\\_\\FarmaFacil-ReactJS\\src\\Pages\\Lojas\\Pedidos\\PedidosLoja.jsx": {"lines":{"total":23,"covered":0,"skipped":0,"pct":0},"functions":{"total":10,"covered":0,"skipped":0,"pct":0},"statements":{"total":25,"covered":0,"skipped":0,"pct":0},"branches":{"total":6,"covered":0,"skipped":0,"pct":0}}
,"C:\\Users\\Pichau\\Desktop\\_\\FarmaFacil-ReactJS\\src\\Pages\\Produtos\\Detalhes.jsx": {"lines":{"total":36,"covered":3,"skipped":0,"pct":8.33},"functions":{"total":8,"covered":0,"skipped":0,"pct":0},"statements":{"total":36,"covered":3,"skipped":0,"pct":8.33},"branches":{"total":22,"covered":0,"skipped":0,"pct":0}}
,"C:\\Users\\Pichau\\Desktop\\_\\FarmaFacil-ReactJS\\src\\Pages\\Produtos\\FinalizarCompra.jsx": {"lines":{"total":33,"covered":3,"skipped":0,"pct":9.09},"functions":{"total":9,"covered":0,"skipped":0,"pct":0},"statements":{"total":34,"covered":3,"skipped":0,"pct":8.82},"branches":{"total":22,"covered":0,"skipped":0,"pct":0}}
,"C:\\Users\\Pichau\\Desktop\\_\\FarmaFacil-ReactJS\\src\\Pages\\Produtos\\MensagemFinal.jsx": {"lines":{"total":12,"covered":2,"skipped":0,"pct":16.66},"functions":{"total":5,"covered":0,"skipped":0,"pct":0},"statements":{"total":13,"covered":2,"skipped":0,"pct":15.38},"branches":{"total":6,"covered":0,"skipped":0,"pct":0}}
,"C:\\Users\\Pichau\\Desktop\\_\\FarmaFacil-ReactJS\\src\\Pages\\Produtos\\Pagamento.jsx": {"lines":{"total":47,"covered":5,"skipped":0,"pct":10.63},"functions":{"total":17,"covered":0,"skipped":0,"pct":0},"statements":{"total":52,"covered":5,"skipped":0,"pct":9.61},"branches":{"total":41,"covered":0,"skipped":0,"pct":0}}
,"C:\\Users\\Pichau\\Desktop\\_\\FarmaFacil-ReactJS\\src\\Pages\\auth\\Clientes\\CadastroClientes.jsx": {"lines":{"total":49,"covered":1,"skipped":0,"pct":2.04},"functions":{"total":9,"covered":0,"skipped":0,"pct":0},"statements":{"total":49,"covered":1,"skipped":0,"pct":2.04},"branches":{"total":31,"covered":0,"skipped":0,"pct":0}}
,"C:\\Users\\Pichau\\Desktop\\_\\FarmaFacil-ReactJS\\src\\Pages\\auth\\Clientes\\LoginClientes.jsx": {"lines":{"total":30,"covered":0,"skipped":0,"pct":0},"functions":{"total":4,"covered":0,"skipped":0,"pct":0},"statements":{"total":30,"covered":0,"skipped":0,"pct":0},"branches":{"total":10,"covered":0,"skipped":0,"pct":0}}
,"C:\\Users\\Pichau\\Desktop\\_\\FarmaFacil-ReactJS\\src\\Pages\\auth\\Lojas\\CadastroLojas.jsx": {"lines":{"total":97,"covered":0,"skipped":0,"pct":0},"functions":{"total":21,"covered":0,"skipped":0,"pct":0},"statements":{"total":100,"covered":0,"skipped":0,"pct":0},"branches":{"total":82,"covered":0,"skipped":0,"pct":0}}
,"C:\\Users\\Pichau\\Desktop\\_\\FarmaFacil-ReactJS\\src\\Pages\\auth\\Lojas\\LoginLojas.jsx": {"lines":{"total":25,"covered":0,"skipped":0,"pct":0},"functions":{"total":4,"covered":0,"skipped":0,"pct":0},"statements":{"total":25,"covered":0,"skipped":0,"pct":0},"branches":{"total":14,"covered":0,"skipped":0,"pct":0}}
,"C:\\Users\\Pichau\\Desktop\\_\\FarmaFacil-ReactJS\\src\\services\\api.js": {"lines":{"total":3,"covered":3,"skipped":0,"pct":100},"functions":{"total":0,"covered":0,"skipped":0,"pct":100},"statements":{"total":3,"covered":3,"skipped":0,"pct":100},"branches":{"total":0,"covered":0,"skipped":0,"pct":100}}
,"C:\\Users\\Pichau\\Desktop\\_\\FarmaFacil-ReactJS\\src\\utils\\masks.js": {"lines":{"total":40,"covered":11,"skipped":0,"pct":27.5},"functions":{"total":5,"covered":1,"skipped":0,"pct":20},"statements":{"total":46,"covered":11,"skipped":0,"pct":23.91},"branches":{"total":20,"covered":1,"skipped":0,"pct":5}}
}
