TN:
SF:src\App.jsx
FN:28,(anonymous_0)
FNF:1
FNH:1
FNDA:2,(anonymous_0)
DA:28,2
DA:30,2
LF:2
LH:2
BRF:0
BRH:0
end_of_record
TN:
SF:src\main.jsx
FNF:0
FNH:0
DA:6,2
LF:1
LH:1
BRF:0
BRH:0
end_of_record
TN:
SF:src\Components\Buttons.jsx
FN:11,(anonymous_0)
FN:57,(anonymous_1)
FN:60,(anonymous_2)
FN:109,(anonymous_3)
FN:125,(anonymous_4)
FN:141,(anonymous_5)
FN:160,(anonymous_6)
FNF:7
FNH:4
FNDA:16,(anonymous_0)
FNDA:4,(anonymous_1)
FNDA:0,(anonymous_2)
FNDA:10,(anonymous_3)
FNDA:0,(anonymous_4)
FNDA:6,(anonymous_5)
FNDA:0,(anonymous_6)
DA:7,2
DA:11,2
DA:12,16
DA:30,16
DA:32,14
DA:33,0
DA:40,14
DA:48,2
DA:57,2
DA:58,4
DA:60,4
DA:62,0
DA:63,0
DA:64,0
DA:66,0
DA:69,4
DA:109,2
DA:110,10
DA:125,2
DA:126,0
DA:141,2
DA:142,6
DA:160,2
DA:161,0
LF:24
LH:17
BRDA:11,0,0,0
BRDA:30,1,0,14
BRDA:30,1,1,2
BRDA:30,2,0,16
BRDA:30,2,1,14
BRDA:32,3,0,0
BRDA:32,3,1,14
BRDA:62,4,0,0
BRDA:62,4,1,0
BRDA:119,5,0,10
BRDA:119,5,1,8
BRDA:135,6,0,0
BRDA:135,6,1,0
BRDA:154,7,0,6
BRDA:154,7,1,0
BRDA:173,8,0,0
BRDA:173,8,1,0
BRF:17
BRH:8
end_of_record
TN:
SF:src\Components\ColorDictionary.jsx
FN:8,getColor
FNF:1
FNH:1
FNDA:2,getColor
DA:1,2
DA:9,2
DA:10,2
DA:11,2
DA:14,0
LF:5
LH:4
BRDA:10,0,0,2
BRDA:10,0,1,0
BRF:2
BRH:1
end_of_record
TN:
SF:src\Components\Containers.jsx
FN:3,GenericContainer
FN:11,(anonymous_1)
FN:28,(anonymous_2)
FNF:3
FNH:2
FNDA:2,GenericContainer
FNDA:2,(anonymous_1)
FNDA:0,(anonymous_2)
DA:4,2
DA:11,2
DA:12,2
DA:28,2
DA:29,0
LF:5
LH:4
BRDA:35,0,0,0
BRDA:35,0,1,0
BRDA:42,1,0,0
BRDA:42,1,1,0
BRDA:46,2,0,0
BRDA:46,2,1,0
BRDA:53,3,0,0
BRDA:53,3,1,0
BRF:8
BRH:0
end_of_record
TN:
SF:src\Components\Footer.jsx
FN:5,Footer
FNF:1
FNH:1
FNDA:6,Footer
DA:6,6
DA:7,6
DA:9,6
DA:10,6
DA:51,0
LF:5
LH:4
BRDA:9,0,0,6
BRDA:9,0,1,0
BRDA:31,1,0,4
BRDA:31,1,1,2
BRDA:32,2,0,4
BRDA:32,2,1,2
BRDA:38,3,0,0
BRDA:38,3,1,6
BRDA:39,4,0,0
BRDA:39,4,1,6
BRDA:45,5,0,0
BRDA:45,5,1,6
BRDA:46,6,0,0
BRDA:46,6,1,6
BRF:14
BRH:9
end_of_record
TN:
SF:src\Components\Forms.jsx
FN:3,AuthForm
FNF:1
FNH:0
FNDA:0,AuthForm
DA:4,0
LF:1
LH:0
BRF:0
BRH:0
end_of_record
TN:
SF:src\Components\Inputs.jsx
FN:11,(anonymous_0)
FN:25,(anonymous_1)
FN:39,(anonymous_2)
FN:46,(anonymous_3)
FN:95,(anonymous_4)
FN:121,(anonymous_5)
FNF:6
FNH:4
FNDA:2,(anonymous_0)
FNDA:2,(anonymous_1)
FNDA:2,(anonymous_2)
FNDA:0,(anonymous_3)
FNDA:10,(anonymous_4)
FNDA:0,(anonymous_5)
DA:11,2
DA:12,2
DA:13,1
DA:15,1
DA:16,1
DA:17,0
DA:18,0
DA:19,0
DA:20,0
DA:21,0
DA:25,2
DA:36,2
DA:39,2
DA:42,2
DA:43,2
DA:46,2
DA:47,0
DA:50,0
DA:53,0
DA:56,0
DA:59,0
DA:60,0
DA:64,2
DA:95,2
DA:96,10
DA:121,2
DA:122,0
LF:27
LH:15
BRDA:12,0,0,1
BRDA:12,0,1,1
BRDA:15,1,0,1
BRDA:15,1,1,0
BRDA:15,1,2,0
BRDA:15,1,3,0
BRDA:15,1,4,0
BRDA:15,1,5,0
BRDA:27,2,0,2
BRDA:29,3,0,2
BRDA:30,4,0,2
BRDA:32,5,0,0
BRDA:59,6,0,0
BRDA:59,6,1,0
BRDA:66,7,0,2
BRDA:66,7,1,2
BRDA:95,8,0,10
BRDA:95,9,0,10
BRDA:95,10,0,10
BRDA:98,11,0,10
BRDA:98,11,1,10
BRDA:121,12,0,0
BRDA:121,13,0,0
BRDA:121,14,0,0
BRDA:124,15,0,0
BRDA:124,15,1,0
BRF:26
BRH:13
end_of_record
TN:
SF:src\Components\Links.jsx
FN:3,(anonymous_0)
FN:23,(anonymous_1)
FNF:2
FNH:1
FNDA:18,(anonymous_0)
FNDA:0,(anonymous_1)
DA:3,2
DA:4,18
DA:23,2
DA:24,0
LF:4
LH:3
BRF:0
BRH:0
end_of_record
TN:
SF:src\Components\Modals.jsx
FN:3,GenericModal
FNF:1
FNH:0
FNDA:0,GenericModal
DA:15,0
DA:17,0
LF:2
LH:0
BRDA:9,0,0,0
BRDA:10,1,0,0
BRDA:11,2,0,0
BRDA:12,3,0,0
BRDA:13,4,0,0
BRDA:15,5,0,0
BRDA:15,5,1,0
BRDA:23,6,0,0
BRDA:23,6,1,0
BRDA:29,7,0,0
BRDA:29,7,1,0
BRDA:36,8,0,0
BRDA:36,8,1,0
BRDA:38,9,0,0
BRDA:38,9,1,0
BRF:15
BRH:0
end_of_record
TN:
SF:src\Components\Pedidos.jsx
FN:5,PedidoComponent
FNF:1
FNH:0
FNDA:0,PedidoComponent
DA:12,0
LF:1
LH:0
BRF:0
BRH:0
end_of_record
TN:
SF:src\Components\RoutesComponent.jsx
FN:5,(anonymous_0)
FN:12,(anonymous_1)
FN:21,(anonymous_2)
FN:27,(anonymous_3)
FN:38,(anonymous_4)
FN:49,(anonymous_5)
FNF:6
FNH:2
FNDA:0,(anonymous_0)
FNDA:0,(anonymous_1)
FNDA:2,(anonymous_2)
FNDA:1,(anonymous_3)
FNDA:0,(anonymous_4)
FNDA:0,(anonymous_5)
DA:5,2
DA:6,0
DA:7,0
DA:8,0
DA:12,2
DA:13,0
DA:14,0
DA:15,0
DA:16,0
DA:17,0
DA:21,2
DA:22,2
DA:23,2
DA:24,2
DA:27,2
DA:28,1
DA:29,1
DA:31,1
DA:33,1
DA:35,1
DA:38,2
DA:39,0
DA:40,0
DA:42,0
DA:44,0
DA:46,0
DA:49,2
DA:50,0
DA:51,0
DA:52,0
DA:53,0
DA:54,0
LF:32
LH:14
BRDA:7,0,0,0
BRDA:7,0,1,0
BRDA:15,1,0,0
BRDA:15,1,1,0
BRDA:16,2,0,0
BRDA:16,2,1,0
BRDA:23,3,0,0
BRDA:23,3,1,2
BRDA:31,4,0,0
BRDA:31,4,1,1
BRDA:33,5,0,0
BRDA:33,5,1,1
BRDA:42,6,0,0
BRDA:42,6,1,0
BRDA:44,7,0,0
BRDA:44,7,1,0
BRDA:52,8,0,0
BRDA:52,8,1,0
BRDA:53,9,0,0
BRDA:53,9,1,0
BRF:20
BRH:3
end_of_record
TN:
SF:src\Components\Tables.jsx
FN:5,TabelaEstoque
FN:29,(anonymous_1)
FN:47,(anonymous_2)
FN:53,(anonymous_3)
FNF:4
FNH:3
FNDA:2,TabelaEstoque
FNDA:2,(anonymous_1)
FNDA:1,(anonymous_2)
FNDA:0,(anonymous_3)
DA:6,2
DA:30,2
DA:47,1
DA:53,0
LF:4
LH:3
BRF:0
BRH:0
end_of_record
TN:
SF:src\Components\Tabs.jsx
FN:4,GenericTabs
FN:11,(anonymous_1)
FN:14,(anonymous_2)
FN:58,(anonymous_3)
FNF:4
FNH:0
FNDA:0,GenericTabs
FNDA:0,(anonymous_1)
FNDA:0,(anonymous_2)
FNDA:0,(anonymous_3)
DA:5,0
DA:7,0
DA:12,0
DA:14,0
DA:59,0
LF:5
LH:0
BRDA:5,0,0,0
BRDA:5,0,1,0
BRDA:22,1,0,0
BRDA:22,1,1,0
BRDA:59,2,0,0
BRDA:59,2,1,0
BRF:6
BRH:0
end_of_record
TN:
SF:src\Components\Titles.jsx
FN:5,(anonymous_0)
FN:13,(anonymous_1)
FN:21,(anonymous_2)
FN:29,(anonymous_3)
FNF:4
FNH:2
FNDA:0,(anonymous_0)
FNDA:8,(anonymous_1)
FNDA:0,(anonymous_2)
FNDA:2,(anonymous_3)
DA:5,2
DA:6,0
DA:13,2
DA:14,8
DA:21,2
DA:22,0
DA:29,2
DA:30,2
LF:8
LH:6
BRF:0
BRH:0
end_of_record
TN:
SF:src\Pages\HomeClientes.jsx
FN:19,(anonymous_0)
FN:21,(anonymous_1)
FN:25,(anonymous_2)
FN:71,HomeClientes
FN:83,(anonymous_4)
FN:91,(anonymous_5)
FN:92,(anonymous_6)
FN:114,(anonymous_7)
FN:119,(anonymous_8)
FN:131,(anonymous_9)
FN:152,(anonymous_10)
FN:156,(anonymous_11)
FN:178,(anonymous_12)
FNF:13
FNH:0
FNDA:0,(anonymous_0)
FNDA:0,(anonymous_1)
FNDA:0,(anonymous_2)
FNDA:0,HomeClientes
FNDA:0,(anonymous_4)
FNDA:0,(anonymous_5)
FNDA:0,(anonymous_6)
FNDA:0,(anonymous_7)
FNDA:0,(anonymous_8)
FNDA:0,(anonymous_9)
FNDA:0,(anonymous_10)
FNDA:0,(anonymous_11)
FNDA:0,(anonymous_12)
DA:19,2
DA:21,0
DA:22,0
DA:25,0
DA:26,0
DA:27,0
DA:28,0
DA:31,0
DA:73,0
DA:74,0
DA:77,0
DA:78,0
DA:79,0
DA:80,0
DA:81,0
DA:83,0
DA:84,0
DA:85,0
DA:86,0
DA:87,0
DA:88,0
DA:91,0
DA:92,0
DA:93,0
DA:94,0
DA:95,0
DA:97,0
DA:98,0
DA:100,0
DA:101,0
DA:103,0
DA:104,0
DA:106,0
DA:110,0
DA:114,0
DA:115,0
DA:116,0
DA:118,0
DA:119,0
DA:120,0
DA:121,0
DA:122,0
DA:124,0
DA:127,0
DA:131,0
DA:132,0
DA:133,0
DA:141,0
DA:142,0
DA:145,0
DA:146,0
DA:149,0
DA:153,0
DA:156,0
DA:164,0
DA:178,0
LF:56
LH:1
BRDA:22,0,0,0
BRDA:22,0,1,0
BRDA:28,1,0,0
BRDA:28,1,1,0
BRDA:36,2,0,0
BRDA:36,2,1,0
BRDA:37,3,0,0
BRDA:37,3,1,0
BRDA:44,4,0,0
BRDA:44,4,1,0
BRDA:98,5,0,0
BRDA:98,5,1,0
BRDA:118,6,0,0
BRDA:118,6,1,0
BRDA:120,7,0,0
BRDA:120,7,1,0
BRDA:132,8,0,0
BRDA:132,8,1,0
BRDA:141,9,0,0
BRDA:141,9,1,0
BRDA:145,10,0,0
BRDA:145,10,1,0
BRF:22
BRH:0
end_of_record
TN:
SF:src\Pages\Landing.jsx
FN:5,Landing
FNF:1
FNH:0
FNDA:0,Landing
DA:6,0
LF:1
LH:0
BRF:0
BRH:0
end_of_record
TN:
SF:src\Pages\Clientes\ConfiguracoesCliente.jsx
FN:19,(anonymous_0)
FN:25,(anonymous_1)
FN:31,(anonymous_2)
FN:48,(anonymous_3)
FN:72,(anonymous_4)
FN:74,(anonymous_5)
FN:81,(anonymous_6)
FN:121,(anonymous_7)
FN:134,(anonymous_8)
FN:142,(anonymous_9)
FN:143,(anonymous_10)
FN:182,(anonymous_11)
FN:199,(anonymous_12)
FN:203,(anonymous_13)
FNF:14
FNH:0
FNDA:0,(anonymous_0)
FNDA:0,(anonymous_1)
FNDA:0,(anonymous_2)
FNDA:0,(anonymous_3)
FNDA:0,(anonymous_4)
FNDA:0,(anonymous_5)
FNDA:0,(anonymous_6)
FNDA:0,(anonymous_7)
FNDA:0,(anonymous_8)
FNDA:0,(anonymous_9)
FNDA:0,(anonymous_10)
FNDA:0,(anonymous_11)
FNDA:0,(anonymous_12)
FNDA:0,(anonymous_13)
DA:19,2
DA:20,0
DA:21,0
DA:22,0
DA:25,0
DA:26,0
DA:27,0
DA:31,0
DA:33,0
DA:34,0
DA:35,0
DA:38,0
DA:39,0
DA:40,0
DA:42,0
DA:43,0
DA:44,0
DA:48,0
DA:49,0
DA:50,0
DA:53,0
DA:72,0
DA:74,0
DA:81,0
DA:121,0
DA:134,2
DA:135,0
DA:136,0
DA:137,0
DA:138,0
DA:139,0
DA:142,0
DA:143,0
DA:144,0
DA:145,0
DA:147,0
DA:148,0
DA:149,0
DA:152,0
DA:153,0
DA:155,0
DA:161,0
DA:162,0
DA:164,0
DA:167,0
DA:168,0
DA:170,0
DA:171,0
DA:174,0
DA:178,0
DA:182,0
DA:183,0
DA:184,0
DA:185,0
DA:186,0
DA:188,0
DA:189,0
DA:192,0
DA:199,0
DA:201,0
DA:203,0
DA:204,0
DA:206,0
DA:207,0
DA:208,0
DA:209,0
DA:213,0
DA:214,0
DA:222,0
LF:69
LH:2
BRDA:19,0,0,0
BRDA:21,1,0,0
BRDA:21,1,1,0
BRDA:26,2,0,0
BRDA:26,2,1,0
BRDA:33,3,0,0
BRDA:33,3,1,0
BRDA:33,4,0,0
BRDA:33,4,1,0
BRDA:42,5,0,0
BRDA:42,5,1,0
BRDA:44,6,0,0
BRDA:44,6,1,0
BRDA:50,7,0,0
BRDA:50,7,1,0
BRDA:66,8,0,0
BRDA:66,8,1,0
BRDA:68,9,0,0
BRDA:68,9,1,0
BRDA:83,10,0,0
BRDA:83,10,1,0
BRDA:89,11,0,0
BRDA:89,11,1,0
BRDA:89,12,0,0
BRDA:89,12,1,0
BRDA:96,13,0,0
BRDA:96,13,1,0
BRDA:112,14,0,0
BRDA:112,14,1,0
BRDA:147,15,0,0
BRDA:147,15,1,0
BRDA:147,16,0,0
BRDA:147,16,1,0
BRDA:161,17,0,0
BRDA:161,17,1,0
BRDA:161,18,0,0
BRDA:161,18,1,0
BRDA:170,19,0,0
BRDA:170,19,1,0
BRDA:170,20,0,0
BRDA:170,20,1,0
BRDA:207,21,0,0
BRDA:207,21,1,0
BRDA:213,22,0,0
BRDA:213,22,1,0
BRDA:234,23,0,0
BRDA:234,23,1,0
BRDA:235,24,0,0
BRDA:235,24,1,0
BRDA:238,25,0,0
BRDA:238,25,1,0
BRF:51
BRH:0
end_of_record
TN:
SF:src\Pages\Lojas\AdicionarProduto.jsx
FN:8,AdicionarProduto
FN:24,handleChange
FN:31,(anonymous_2)
FN:39,handleEstoqueChange
FN:44,handleSubmit
FN:175,(anonymous_5)
FN:191,(anonymous_6)
FN:225,(anonymous_7)
FN:245,(anonymous_8)
FN:261,(anonymous_9)
FN:277,(anonymous_10)
FNF:11
FNH:0
FNDA:0,AdicionarProduto
FNDA:0,handleChange
FNDA:0,(anonymous_2)
FNDA:0,handleEstoqueChange
FNDA:0,handleSubmit
FNDA:0,(anonymous_5)
FNDA:0,(anonymous_6)
FNDA:0,(anonymous_7)
FNDA:0,(anonymous_8)
FNDA:0,(anonymous_9)
FNDA:0,(anonymous_10)
DA:9,0
DA:10,0
DA:12,0
DA:13,0
DA:14,0
DA:15,0
DA:16,0
DA:17,0
DA:18,0
DA:19,0
DA:20,0
DA:21,0
DA:22,0
DA:25,0
DA:26,0
DA:27,0
DA:31,0
DA:32,0
DA:33,0
DA:34,0
DA:36,0
DA:40,0
DA:41,0
DA:45,0
DA:46,0
DA:47,0
DA:48,0
DA:50,0
DA:51,0
DA:52,0
DA:53,0
DA:54,0
DA:57,0
DA:58,0
DA:59,0
DA:60,0
DA:63,0
DA:64,0
DA:65,0
DA:66,0
DA:67,0
DA:68,0
DA:69,0
DA:70,0
DA:71,0
DA:72,0
DA:73,0
DA:74,0
DA:77,0
DA:78,0
DA:83,0
DA:85,0
DA:86,0
DA:87,0
DA:88,0
DA:89,0
DA:90,0
DA:91,0
DA:92,0
DA:93,0
DA:94,0
DA:96,0
DA:98,0
DA:102,0
DA:175,0
DA:191,0
DA:226,0
DA:227,0
DA:245,0
DA:261,0
DA:277,0
LF:71
LH:0
BRDA:25,0,0,0
BRDA:25,0,1,0
BRDA:25,1,0,0
BRDA:25,1,1,0
BRDA:33,2,0,0
BRDA:33,2,1,0
BRDA:51,3,0,0
BRDA:51,3,1,0
BRDA:57,4,0,0
BRDA:57,4,1,0
BRDA:73,5,0,0
BRDA:73,5,1,0
BRDA:123,6,0,0
BRDA:123,6,1,0
BRDA:226,7,0,0
BRDA:226,7,1,0
BRDA:226,8,0,0
BRDA:226,8,1,0
BRDA:281,9,0,0
BRDA:281,9,1,0
BRDA:282,10,0,0
BRDA:282,10,1,0
BRDA:286,11,0,0
BRDA:286,11,1,0
BRF:24
BRH:0
end_of_record
TN:
SF:src\Pages\Lojas\ConfiguracoesLoja.jsx
FN:14,ConfiguracoesLoja
FN:28,(anonymous_1)
FN:44,handleLogout
FN:52,(anonymous_3)
FN:78,(anonymous_4)
FN:123,(anonymous_5)
FN:136,(anonymous_6)
FNF:7
FNH:0
FNDA:0,ConfiguracoesLoja
FNDA:0,(anonymous_1)
FNDA:0,handleLogout
FNDA:0,(anonymous_3)
FNDA:0,(anonymous_4)
FNDA:0,(anonymous_5)
FNDA:0,(anonymous_6)
DA:15,0
DA:16,0
DA:17,0
DA:18,0
DA:19,0
DA:20,0
DA:21,0
DA:22,0
DA:24,0
DA:25,0
DA:26,0
DA:28,0
DA:29,0
DA:30,0
DA:31,0
DA:32,0
DA:33,0
DA:34,0
DA:35,0
DA:36,0
DA:38,0
DA:40,0
DA:45,0
DA:46,0
DA:47,0
DA:48,0
DA:49,0
DA:52,0
DA:53,0
DA:55,0
DA:61,0
DA:62,0
DA:63,0
DA:64,0
DA:65,0
DA:66,0
DA:67,0
DA:68,0
DA:70,0
DA:74,0
DA:78,0
DA:79,0
DA:82,0
DA:123,0
DA:136,0
LF:45
LH:0
BRDA:62,0,0,0
BRDA:62,0,1,0
BRDA:67,1,0,0
BRDA:67,1,1,0
BRDA:100,2,0,0
BRDA:100,2,1,0
BRDA:101,3,0,0
BRDA:101,3,1,0
BRDA:102,4,0,0
BRDA:102,4,1,0
BRDA:105,5,0,0
BRDA:105,5,1,0
BRDA:118,6,0,0
BRDA:118,6,1,0
BRDA:142,7,0,0
BRDA:142,7,1,0
BRF:16
BRH:0
end_of_record
TN:
SF:src\Pages\Lojas\EditarLoja.jsx
FN:11,EditarDadosLoja
FN:32,(anonymous_1)
FN:60,(anonymous_2)
FN:64,(anonymous_3)
FN:86,(anonymous_4)
FN:92,(anonymous_5)
FN:150,(anonymous_6)
FN:166,(anonymous_7)
FN:182,(anonymous_8)
FN:199,(anonymous_9)
FN:284,(anonymous_10)
FN:299,(anonymous_11)
FNF:12
FNH:0
FNDA:0,EditarDadosLoja
FNDA:0,(anonymous_1)
FNDA:0,(anonymous_2)
FNDA:0,(anonymous_3)
FNDA:0,(anonymous_4)
FNDA:0,(anonymous_5)
FNDA:0,(anonymous_6)
FNDA:0,(anonymous_7)
FNDA:0,(anonymous_8)
FNDA:0,(anonymous_9)
FNDA:0,(anonymous_10)
FNDA:0,(anonymous_11)
DA:12,0
DA:14,0
DA:15,0
DA:17,0
DA:18,0
DA:19,0
DA:20,0
DA:21,0
DA:27,0
DA:28,0
DA:30,0
DA:32,0
DA:33,0
DA:35,0
DA:41,0
DA:42,0
DA:44,0
DA:45,0
DA:46,0
DA:48,0
DA:49,0
DA:51,0
DA:52,0
DA:56,0
DA:60,0
DA:61,0
DA:64,0
DA:65,0
DA:66,0
DA:67,0
DA:69,0
DA:70,0
DA:71,0
DA:74,0
DA:81,0
DA:86,0
DA:87,0
DA:88,0
DA:92,0
DA:93,0
DA:94,0
DA:95,0
DA:106,0
DA:124,0
DA:126,0
DA:127,0
DA:130,0
DA:150,0
DA:166,0
DA:182,0
DA:199,0
DA:284,0
DA:299,0
LF:53
LH:0
BRDA:42,0,0,0
BRDA:42,0,1,0
BRDA:52,1,0,0
BRDA:52,1,1,0
BRDA:69,2,0,0
BRDA:69,2,1,0
BRDA:87,3,0,0
BRDA:87,3,1,0
BRDA:301,4,0,0
BRDA:301,4,1,0
BRDA:304,5,0,0
BRDA:304,5,1,0
BRF:12
BRH:0
end_of_record
TN:
SF:src\Pages\Lojas\EditarProduto.jsx
FN:9,EditarProduto
FN:26,(anonymous_1)
FN:27,(anonymous_2)
FN:43,(anonymous_3)
FN:50,(anonymous_4)
FN:78,handleChangeImage
FN:83,handleEstoqueChange
FN:88,(anonymous_7)
FN:121,(anonymous_8)
FN:129,(anonymous_9)
FN:199,(anonymous_10)
FN:205,(anonymous_11)
FN:223,(anonymous_12)
FN:229,(anonymous_13)
FNF:14
FNH:5
FNDA:2,EditarProduto
FNDA:1,(anonymous_1)
FNDA:1,(anonymous_2)
FNDA:0,(anonymous_3)
FNDA:1,(anonymous_4)
FNDA:0,handleChangeImage
FNDA:0,handleEstoqueChange
FNDA:0,(anonymous_7)
FNDA:0,(anonymous_8)
FNDA:1,(anonymous_9)
FNDA:0,(anonymous_10)
FNDA:0,(anonymous_11)
FNDA:0,(anonymous_12)
FNDA:0,(anonymous_13)
DA:11,2
DA:13,2
DA:14,2
DA:16,2
DA:17,2
DA:18,2
DA:19,2
DA:20,2
DA:21,2
DA:22,2
DA:23,2
DA:26,2
DA:27,1
DA:28,1
DA:29,1
DA:30,0
DA:35,1
DA:38,1
DA:41,1
DA:43,1
DA:44,0
DA:45,0
DA:50,2
DA:51,1
DA:52,1
DA:53,1
DA:55,1
DA:56,1
DA:57,1
DA:58,1
DA:59,1
DA:60,1
DA:61,1
DA:62,1
DA:64,0
DA:66,1
DA:67,1
DA:68,1
DA:69,1
DA:72,0
DA:77,2
DA:79,0
DA:84,0
DA:85,0
DA:88,2
DA:89,0
DA:91,0
DA:92,0
DA:93,0
DA:94,0
DA:95,0
DA:96,0
DA:97,0
DA:98,0
DA:99,0
DA:101,0
DA:102,0
DA:103,0
DA:106,0
DA:114,0
DA:115,0
DA:117,0
DA:121,2
DA:122,0
DA:123,0
DA:124,0
DA:126,0
DA:129,2
DA:130,1
DA:131,1
DA:134,2
DA:199,0
DA:205,0
DA:223,0
DA:229,0
LF:75
LH:42
BRDA:29,0,0,0
BRDA:29,0,1,1
BRDA:61,1,0,1
BRDA:61,1,1,0
BRDA:102,2,0,0
BRDA:102,2,1,0
BRDA:102,3,0,0
BRDA:102,3,1,0
BRDA:123,4,0,0
BRDA:123,4,1,0
BRDA:154,5,0,2
BRDA:154,5,1,0
BRF:12
BRH:3
end_of_record
TN:
SF:src\Pages\Lojas\Estoque.jsx
FN:14,Estoque
FN:21,(anonymous_1)
FN:43,(anonymous_2)
FN:47,(anonymous_3)
FN:52,(anonymous_4)
FN:57,(anonymous_5)
FN:61,(anonymous_6)
FN:72,(anonymous_7)
FN:115,Modal
FNF:9
FNH:5
FNDA:2,Estoque
FNDA:1,(anonymous_1)
FNDA:1,(anonymous_2)
FNDA:1,(anonymous_3)
FNDA:0,(anonymous_4)
FNDA:0,(anonymous_5)
FNDA:0,(anonymous_6)
FNDA:0,(anonymous_7)
FNDA:2,Modal
DA:16,2
DA:17,2
DA:18,2
DA:19,2
DA:21,2
DA:22,1
DA:23,1
DA:25,1
DA:26,0
DA:27,0
DA:28,0
DA:30,0
DA:31,0
DA:34,1
DA:36,1
DA:39,0
DA:43,2
DA:44,1
DA:47,2
DA:48,1
DA:49,1
DA:52,2
DA:53,0
DA:54,0
DA:57,2
DA:58,0
DA:59,0
DA:61,0
DA:63,0
DA:64,0
DA:66,0
DA:68,0
DA:72,2
DA:73,0
DA:74,0
DA:77,2
DA:116,2
DA:118,0
LF:38
LH:20
BRDA:25,0,0,0
BRDA:25,0,1,1
BRDA:26,1,0,0
BRDA:26,1,1,0
BRDA:115,2,0,0
BRDA:115,3,0,0
BRDA:116,4,0,2
BRDA:116,4,1,0
BRF:8
BRH:2
end_of_record
TN:
SF:src\Pages\Lojas\HomeLojas.jsx
FN:8,(anonymous_0)
FN:17,HomeLojas
FN:26,(anonymous_2)
FN:37,(anonymous_3)
FN:41,(anonymous_4)
FN:42,(anonymous_5)
FN:43,(anonymous_6)
FN:47,(anonymous_7)
FNF:8
FNH:8
FNDA:16,(anonymous_0)
FNDA:4,HomeLojas
FNDA:1,(anonymous_2)
FNDA:1,(anonymous_3)
FNDA:2,(anonymous_4)
FNDA:2,(anonymous_5)
FNDA:2,(anonymous_6)
FNDA:4,(anonymous_7)
DA:8,2
DA:9,16
DA:19,4
DA:21,4
DA:22,4
DA:23,4
DA:24,4
DA:26,4
DA:27,1
DA:28,1
DA:29,1
DA:30,1
DA:31,1
DA:33,0
DA:37,4
DA:38,1
DA:41,4
DA:42,2
DA:43,2
DA:46,4
DA:47,4
DA:51,4
LF:22
LH:21
BRDA:46,0,0,2
BRDA:46,0,1,2
BRDA:47,1,0,2
BRDA:47,1,1,2
BRDA:72,2,0,2
BRDA:72,2,1,2
BRF:6
BRH:6
end_of_record
TN:
SF:src\Pages\Lojas\Pedidos\DetalhesPedidoLoja.jsx
FN:10,(anonymous_0)
FN:24,(anonymous_1)
FN:33,DetalhesPedido
FN:40,(anonymous_3)
FN:53,(anonymous_4)
FN:57,(anonymous_5)
FN:91,(anonymous_6)
FNF:7
FNH:0
FNDA:0,(anonymous_0)
FNDA:0,(anonymous_1)
FNDA:0,DetalhesPedido
FNDA:0,(anonymous_3)
FNDA:0,(anonymous_4)
FNDA:0,(anonymous_5)
FNDA:0,(anonymous_6)
DA:10,2
DA:11,0
DA:24,2
DA:25,0
DA:34,0
DA:36,0
DA:37,0
DA:38,0
DA:40,0
DA:41,0
DA:42,0
DA:43,0
DA:44,0
DA:45,0
DA:46,0
DA:47,0
DA:49,0
DA:53,0
DA:54,0
DA:57,0
DA:58,0
DA:61,0
DA:92,0
LF:23
LH:2
BRDA:15,0,0,0
BRDA:15,0,1,0
BRDA:16,1,0,0
BRDA:16,1,1,0
BRF:4
BRH:0
end_of_record
TN:
SF:src\Pages\Lojas\Pedidos\PedidosLoja.jsx
FN:10,PedidosLoja
FN:17,(anonymous_1)
FN:30,(anonymous_2)
FN:34,(anonymous_3)
FN:35,(anonymous_4)
FN:36,(anonymous_5)
FN:48,(anonymous_6)
FN:56,(anonymous_7)
FN:71,(anonymous_8)
FN:79,(anonymous_9)
FNF:10
FNH:0
FNDA:0,PedidosLoja
FNDA:0,(anonymous_1)
FNDA:0,(anonymous_2)
FNDA:0,(anonymous_3)
FNDA:0,(anonymous_4)
FNDA:0,(anonymous_5)
FNDA:0,(anonymous_6)
FNDA:0,(anonymous_7)
FNDA:0,(anonymous_8)
FNDA:0,(anonymous_9)
DA:12,0
DA:13,0
DA:14,0
DA:15,0
DA:17,0
DA:18,0
DA:19,0
DA:20,0
DA:22,0
DA:23,0
DA:24,0
DA:26,0
DA:30,0
DA:31,0
DA:34,0
DA:35,0
DA:36,0
DA:39,0
DA:49,0
DA:56,0
DA:72,0
DA:79,0
DA:88,0
LF:23
LH:0
BRDA:22,0,0,0
BRDA:22,0,1,0
BRDA:45,1,0,0
BRDA:45,1,1,0
BRDA:68,2,0,0
BRDA:68,2,1,0
BRF:6
BRH:0
end_of_record
TN:
SF:src\Pages\Produtos\Detalhes.jsx
FN:8,(anonymous_0)
FN:16,(anonymous_1)
FN:24,(anonymous_2)
FN:33,(anonymous_3)
FN:37,(anonymous_4)
FN:38,(anonymous_5)
FN:63,(anonymous_6)
FN:66,(anonymous_7)
FNF:8
FNH:0
FNDA:0,(anonymous_0)
FNDA:0,(anonymous_1)
FNDA:0,(anonymous_2)
FNDA:0,(anonymous_3)
FNDA:0,(anonymous_4)
FNDA:0,(anonymous_5)
FNDA:0,(anonymous_6)
FNDA:0,(anonymous_7)
DA:8,2
DA:9,0
DA:16,2
DA:17,0
DA:24,2
DA:25,0
DA:26,0
DA:28,0
DA:29,0
DA:30,0
DA:31,0
DA:33,0
DA:34,0
DA:37,0
DA:38,0
DA:39,0
DA:40,0
DA:41,0
DA:43,0
DA:45,0
DA:46,0
DA:48,0
DA:51,0
DA:52,0
DA:54,0
DA:58,0
DA:59,0
DA:63,0
DA:64,0
DA:66,0
DA:68,0
DA:72,0
DA:73,0
DA:84,0
DA:85,0
DA:93,0
LF:36
LH:3
BRDA:34,0,0,0
BRDA:34,0,1,0
BRDA:45,1,0,0
BRDA:45,1,1,0
BRDA:45,2,0,0
BRDA:45,2,1,0
BRDA:58,3,0,0
BRDA:58,3,1,0
BRDA:72,4,0,0
BRDA:72,4,1,0
BRDA:84,5,0,0
BRDA:84,5,1,0
BRDA:95,6,0,0
BRDA:95,6,1,0
BRDA:100,7,0,0
BRDA:100,7,1,0
BRDA:107,8,0,0
BRDA:107,8,1,0
BRDA:118,9,0,0
BRDA:118,9,1,0
BRDA:139,10,0,0
BRDA:139,10,1,0
BRF:22
BRH:0
end_of_record
TN:
SF:src\Pages\Produtos\FinalizarCompra.jsx
FN:9,(anonymous_0)
FN:12,(anonymous_1)
FN:29,(anonymous_2)
FN:59,(anonymous_3)
FN:75,(anonymous_4)
FN:93,(anonymous_5)
FN:94,(anonymous_6)
FN:103,(anonymous_7)
FN:107,(anonymous_8)
FNF:9
FNH:0
FNDA:0,(anonymous_0)
FNDA:0,(anonymous_1)
FNDA:0,(anonymous_2)
FNDA:0,(anonymous_3)
FNDA:0,(anonymous_4)
FNDA:0,(anonymous_5)
FNDA:0,(anonymous_6)
FNDA:0,(anonymous_7)
FNDA:0,(anonymous_8)
DA:9,2
DA:10,0
DA:13,0
DA:29,2
DA:30,0
DA:59,2
DA:60,0
DA:61,0
DA:62,0
DA:64,0
DA:66,0
DA:73,0
DA:75,0
DA:77,0
DA:78,0
DA:79,0
DA:80,0
DA:84,0
DA:85,0
DA:86,0
DA:90,0
DA:93,0
DA:94,0
DA:95,0
DA:96,0
DA:98,0
DA:99,0
DA:103,0
DA:107,0
DA:108,0
DA:111,0
DA:112,0
DA:115,0
LF:33
LH:3
BRDA:15,0,0,0
BRDA:15,0,1,0
BRDA:15,1,0,0
BRDA:15,1,1,0
BRDA:19,2,0,0
BRDA:19,2,1,0
BRDA:62,3,0,0
BRDA:62,3,1,0
BRDA:77,4,0,0
BRDA:77,4,1,0
BRDA:95,5,0,0
BRDA:95,5,1,0
BRDA:108,6,0,0
BRDA:108,6,1,0
BRDA:111,7,0,0
BRDA:111,7,1,0
BRDA:126,8,0,0
BRDA:126,8,1,0
BRDA:143,9,0,0
BRDA:143,9,1,0
BRDA:149,10,0,0
BRDA:149,10,1,0
BRF:22
BRH:0
end_of_record
TN:
SF:src\Pages\Produtos\MensagemFinal.jsx
FN:8,(anonymous_0)
FN:37,(anonymous_1)
FN:44,(anonymous_2)
FN:46,(anonymous_3)
FN:52,(anonymous_4)
FNF:5
FNH:0
FNDA:0,(anonymous_0)
FNDA:0,(anonymous_1)
FNDA:0,(anonymous_2)
FNDA:0,(anonymous_3)
FNDA:0,(anonymous_4)
DA:8,2
DA:9,0
DA:37,2
DA:38,0
DA:39,0
DA:40,0
DA:41,0
DA:44,0
DA:46,0
DA:48,0
DA:52,0
DA:56,0
LF:12
LH:2
BRDA:22,0,0,0
BRDA:22,0,1,0
BRDA:40,1,0,0
BRDA:40,1,1,0
BRDA:41,2,0,0
BRDA:41,2,1,0
BRF:6
BRH:0
end_of_record
TN:
SF:src\Pages\Produtos\Pagamento.jsx
FN:9,(anonymous_0)
FN:41,(anonymous_1)
FN:95,(anonymous_2)
FN:100,(anonymous_3)
FN:102,(anonymous_4)
FN:103,(anonymous_5)
FN:105,(anonymous_6)
FN:119,(anonymous_7)
FN:135,(anonymous_8)
FN:148,(anonymous_9)
FN:156,(anonymous_10)
FN:161,(anonymous_11)
FN:164,(anonymous_12)
FN:166,(anonymous_13)
FN:172,(anonymous_14)
FN:177,(anonymous_15)
FN:184,(anonymous_16)
FNF:17
FNH:0
FNDA:0,(anonymous_0)
FNDA:0,(anonymous_1)
FNDA:0,(anonymous_2)
FNDA:0,(anonymous_3)
FNDA:0,(anonymous_4)
FNDA:0,(anonymous_5)
FNDA:0,(anonymous_6)
FNDA:0,(anonymous_7)
FNDA:0,(anonymous_8)
FNDA:0,(anonymous_9)
FNDA:0,(anonymous_10)
FNDA:0,(anonymous_11)
FNDA:0,(anonymous_12)
FNDA:0,(anonymous_13)
FNDA:0,(anonymous_14)
FNDA:0,(anonymous_15)
FNDA:0,(anonymous_16)
DA:9,2
DA:10,0
DA:41,2
DA:42,0
DA:95,2
DA:97,0
DA:98,0
DA:100,0
DA:101,0
DA:102,0
DA:103,0
DA:105,0
DA:108,0
DA:109,0
DA:111,0
DA:119,2
DA:120,0
DA:135,2
DA:136,0
DA:137,0
DA:138,0
DA:140,0
DA:141,0
DA:144,0
DA:145,0
DA:148,0
DA:149,0
DA:150,0
DA:151,0
DA:156,0
DA:157,0
DA:161,0
DA:162,0
DA:164,0
DA:165,0
DA:166,0
DA:169,0
DA:172,0
DA:173,0
DA:174,0
DA:177,0
DA:179,0
DA:185,0
DA:186,0
DA:190,0
DA:191,0
DA:198,0
LF:47
LH:5
BRDA:101,0,0,0
BRDA:101,0,1,0
BRDA:122,1,0,0
BRDA:122,1,1,0
BRDA:123,2,0,0
BRDA:123,2,1,0
BRDA:125,3,0,0
BRDA:125,3,1,0
BRDA:128,4,0,0
BRDA:128,4,1,0
BRDA:138,5,0,0
BRDA:138,5,1,0
BRDA:149,6,0,0
BRDA:149,6,1,0
BRDA:157,7,0,0
BRDA:157,7,1,0
BRDA:162,8,0,0
BRDA:162,8,1,0
BRDA:162,9,0,0
BRDA:162,9,1,0
BRDA:190,10,0,0
BRDA:190,10,1,0
BRDA:201,11,0,0
BRDA:201,11,1,0
BRDA:204,12,0,0
BRDA:204,12,1,0
BRDA:207,13,0,0
BRDA:207,13,1,0
BRDA:207,13,2,0
BRDA:231,14,0,0
BRDA:231,14,1,0
BRDA:233,15,0,0
BRDA:233,15,1,0
BRDA:239,16,0,0
BRDA:239,16,1,0
BRDA:244,17,0,0
BRDA:244,17,1,0
BRDA:261,18,0,0
BRDA:261,18,1,0
BRDA:264,19,0,0
BRDA:264,19,1,0
BRF:41
BRH:0
end_of_record
TN:
SF:src\Pages\auth\Clientes\CadastroClientes.jsx
FN:16,(anonymous_0)
FN:31,CadastroClientes
FN:56,(anonymous_2)
FN:149,(anonymous_3)
FN:157,(anonymous_4)
FN:168,(anonymous_5)
FN:170,(anonymous_6)
FN:178,(anonymous_7)
FN:198,(anonymous_8)
FNF:9
FNH:0
FNDA:0,(anonymous_0)
FNDA:0,CadastroClientes
FNDA:0,(anonymous_2)
FNDA:0,(anonymous_3)
FNDA:0,(anonymous_4)
FNDA:0,(anonymous_5)
FNDA:0,(anonymous_6)
FNDA:0,(anonymous_7)
FNDA:0,(anonymous_8)
DA:16,2
DA:17,0
DA:33,0
DA:35,0
DA:36,0
DA:37,0
DA:38,0
DA:39,0
DA:41,0
DA:42,0
DA:45,0
DA:54,0
DA:56,0
DA:57,0
DA:58,0
DA:61,0
DA:62,0
DA:63,0
DA:64,0
DA:68,0
DA:69,0
DA:70,0
DA:75,0
DA:76,0
DA:77,0
DA:78,0
DA:82,0
DA:83,0
DA:84,0
DA:88,0
DA:89,0
DA:90,0
DA:91,0
DA:94,0
DA:96,0
DA:100,0
DA:108,0
DA:109,0
DA:112,0
DA:113,0
DA:114,0
DA:116,0
DA:120,0
DA:149,0
DA:157,0
DA:168,0
DA:170,0
DA:178,0
DA:198,0
LF:49
LH:1
BRDA:20,0,0,0
BRDA:20,0,1,0
BRDA:21,1,0,0
BRDA:21,1,1,0
BRDA:25,2,0,0
BRDA:25,2,1,0
BRDA:61,3,0,0
BRDA:61,3,1,0
BRDA:61,4,0,0
BRDA:61,4,1,0
BRDA:61,4,2,0
BRDA:61,4,3,0
BRDA:61,4,4,0
BRDA:68,5,0,0
BRDA:68,5,1,0
BRDA:76,6,0,0
BRDA:76,6,1,0
BRDA:82,7,0,0
BRDA:82,7,1,0
BRDA:88,8,0,0
BRDA:88,8,1,0
BRDA:108,9,0,0
BRDA:108,9,1,0
BRDA:112,10,0,0
BRDA:112,10,1,0
BRDA:138,11,0,0
BRDA:138,11,1,0
BRDA:182,12,0,0
BRDA:182,12,1,0
BRDA:203,13,0,0
BRDA:203,13,1,0
BRF:31
BRH:0
end_of_record
TN:
SF:src\Pages\auth\Clientes\LoginClientes.jsx
FN:11,LoginClientes
FN:20,(anonymous_1)
FN:79,(anonymous_2)
FN:86,(anonymous_3)
FNF:4
FNH:0
FNDA:0,LoginClientes
FNDA:0,(anonymous_1)
FNDA:0,(anonymous_2)
FNDA:0,(anonymous_3)
DA:13,0
DA:15,0
DA:16,0
DA:17,0
DA:18,0
DA:20,0
DA:21,0
DA:23,0
DA:24,0
DA:25,0
DA:26,0
DA:27,0
DA:30,0
DA:32,0
DA:34,0
DA:37,0
DA:38,0
DA:40,0
DA:42,0
DA:44,0
DA:45,0
DA:46,0
DA:49,0
DA:50,0
DA:51,0
DA:52,0
DA:54,0
DA:58,0
DA:79,0
DA:86,0
LF:30
LH:0
BRDA:23,0,0,0
BRDA:23,0,1,0
BRDA:23,1,0,0
BRDA:23,1,1,0
BRDA:40,2,0,0
BRDA:40,2,1,0
BRDA:44,3,0,0
BRDA:44,3,1,0
BRDA:91,4,0,0
BRDA:91,4,1,0
BRF:10
BRH:0
end_of_record
TN:
SF:src\Pages\auth\Lojas\CadastroLojas.jsx
FN:10,CadastroLojas
FN:33,(anonymous_1)
FN:48,(anonymous_2)
FN:71,(anonymous_3)
FN:77,(anonymous_4)
FN:91,(anonymous_5)
FN:94,(anonymous_6)
FN:96,(anonymous_7)
FN:99,(anonymous_8)
FN:152,(anonymous_9)
FN:156,(anonymous_10)
FN:160,(anonymous_11)
FN:193,(anonymous_12)
FN:195,(anonymous_13)
FN:196,(anonymous_14)
FN:197,(anonymous_15)
FN:209,(anonymous_16)
FN:217,(anonymous_17)
FN:218,(anonymous_18)
FN:225,(anonymous_19)
FN:226,(anonymous_20)
FNF:21
FNH:0
FNDA:0,CadastroLojas
FNDA:0,(anonymous_1)
FNDA:0,(anonymous_2)
FNDA:0,(anonymous_3)
FNDA:0,(anonymous_4)
FNDA:0,(anonymous_5)
FNDA:0,(anonymous_6)
FNDA:0,(anonymous_7)
FNDA:0,(anonymous_8)
FNDA:0,(anonymous_9)
FNDA:0,(anonymous_10)
FNDA:0,(anonymous_11)
FNDA:0,(anonymous_12)
FNDA:0,(anonymous_13)
FNDA:0,(anonymous_14)
FNDA:0,(anonymous_15)
FNDA:0,(anonymous_16)
FNDA:0,(anonymous_17)
FNDA:0,(anonymous_18)
FNDA:0,(anonymous_19)
FNDA:0,(anonymous_20)
DA:11,0
DA:14,0
DA:15,0
DA:16,0
DA:17,0
DA:18,0
DA:19,0
DA:20,0
DA:21,0
DA:22,0
DA:24,0
DA:26,0
DA:27,0
DA:28,0
DA:30,0
DA:33,0
DA:34,0
DA:35,0
DA:36,0
DA:37,0
DA:38,0
DA:39,0
DA:40,0
DA:41,0
DA:42,0
DA:43,0
DA:44,0
DA:48,0
DA:49,0
DA:50,0
DA:51,0
DA:52,0
DA:53,0
DA:54,0
DA:55,0
DA:57,0
DA:63,0
DA:65,0
DA:66,0
DA:67,0
DA:71,0
DA:72,0
DA:73,0
DA:77,0
DA:78,0
DA:79,0
DA:80,0
DA:81,0
DA:84,0
DA:85,0
DA:86,0
DA:87,0
DA:90,0
DA:91,0
DA:94,0
DA:95,0
DA:96,0
DA:99,0
DA:100,0
DA:101,0
DA:102,0
DA:103,0
DA:105,0
DA:106,0
DA:107,0
DA:110,0
DA:111,0
DA:112,0
DA:115,0
DA:116,0
DA:117,0
DA:133,0
DA:134,0
DA:136,0
DA:137,0
DA:139,0
DA:141,0
DA:144,0
DA:145,0
DA:147,0
DA:152,0
DA:154,0
DA:156,0
DA:157,0
DA:160,0
DA:161,0
DA:165,0
DA:173,0
DA:193,0
DA:195,0
DA:196,0
DA:197,0
DA:209,0
DA:217,0
DA:218,0
DA:225,0
DA:226,0
LF:97
LH:0
BRDA:52,0,0,0
BRDA:52,0,1,0
BRDA:72,1,0,0
BRDA:72,1,1,0
BRDA:72,2,0,0
BRDA:72,2,1,0
BRDA:78,3,0,0
BRDA:78,3,1,0
BRDA:79,4,0,0
BRDA:79,4,1,0
BRDA:79,5,0,0
BRDA:79,5,1,0
BRDA:79,5,2,0
BRDA:79,5,3,0
BRDA:84,6,0,0
BRDA:84,6,1,0
BRDA:85,7,0,0
BRDA:85,7,1,0
BRDA:85,8,0,0
BRDA:85,8,1,0
BRDA:85,8,2,0
BRDA:85,8,3,0
BRDA:85,8,4,0
BRDA:85,8,5,0
BRDA:101,9,0,0
BRDA:101,9,1,0
BRDA:101,10,0,0
BRDA:101,10,1,0
BRDA:105,11,0,0
BRDA:105,11,1,0
BRDA:110,12,0,0
BRDA:110,12,1,0
BRDA:134,13,0,0
BRDA:134,13,1,0
BRDA:141,14,0,0
BRDA:141,14,1,0
BRDA:145,15,0,0
BRDA:145,15,1,0
BRDA:154,16,0,0
BRDA:154,16,1,0
BRDA:161,17,0,0
BRDA:161,17,1,0
BRDA:185,18,0,0
BRDA:185,18,1,0
BRDA:202,19,0,0
BRDA:202,19,1,0
BRDA:223,20,0,0
BRDA:223,20,1,0
BRDA:223,20,2,0
BRDA:228,21,0,0
BRDA:228,21,1,0
BRDA:229,22,0,0
BRDA:229,22,1,0
BRDA:232,23,0,0
BRDA:232,23,1,0
BRDA:233,24,0,0
BRDA:233,24,1,0
BRDA:236,25,0,0
BRDA:236,25,1,0
BRDA:237,26,0,0
BRDA:237,26,1,0
BRDA:240,27,0,0
BRDA:240,27,1,0
BRDA:241,28,0,0
BRDA:241,28,1,0
BRDA:244,29,0,0
BRDA:244,29,1,0
BRDA:245,30,0,0
BRDA:245,30,1,0
BRDA:253,31,0,0
BRDA:253,31,1,0
BRDA:259,32,0,0
BRDA:259,32,1,0
BRDA:262,33,0,0
BRDA:262,33,1,0
BRDA:262,33,2,0
BRDA:268,34,0,0
BRDA:268,34,1,0
BRDA:269,35,0,0
BRDA:269,35,1,0
BRDA:275,36,0,0
BRDA:275,36,1,0
BRF:82
BRH:0
end_of_record
TN:
SF:src\Pages\auth\Lojas\LoginLojas.jsx
FN:11,LoginLojas
FN:20,(anonymous_1)
FN:66,(anonymous_2)
FN:74,(anonymous_3)
FNF:4
FNH:0
FNDA:0,LoginLojas
FNDA:0,(anonymous_1)
FNDA:0,(anonymous_2)
FNDA:0,(anonymous_3)
DA:13,0
DA:15,0
DA:16,0
DA:17,0
DA:18,0
DA:20,0
DA:21,0
DA:23,0
DA:24,0
DA:25,0
DA:28,0
DA:29,0
DA:31,0
DA:32,0
DA:34,0
DA:35,0
DA:36,0
DA:37,0
DA:39,0
DA:42,0
DA:43,0
DA:45,0
DA:49,0
DA:66,0
DA:74,0
LF:25
LH:0
BRDA:23,0,0,0
BRDA:23,0,1,0
BRDA:23,1,0,0
BRDA:23,1,1,0
BRDA:34,2,0,0
BRDA:34,2,1,0
BRDA:39,3,0,0
BRDA:39,3,1,0
BRDA:43,4,0,0
BRDA:43,4,1,0
BRDA:77,5,0,0
BRDA:77,5,1,0
BRDA:85,6,0,0
BRDA:85,6,1,0
BRF:14
BRH:0
end_of_record
TN:
SF:src\services\api.js
FNF:0
FNH:0
DA:3,2
DA:7,2
DA:11,2
LF:3
LH:3
BRF:0
BRH:0
end_of_record
TN:
SF:src\utils\masks.js
FN:2,(anonymous_0)
FN:11,(anonymous_1)
FN:25,(anonymous_2)
FN:37,(anonymous_3)
FN:46,(anonymous_4)
FNF:5
FNH:1
FNDA:1,(anonymous_0)
FNDA:0,(anonymous_1)
FNDA:0,(anonymous_2)
FNDA:0,(anonymous_3)
FNDA:0,(anonymous_4)
DA:2,2
DA:3,1
DA:4,1
DA:5,1
DA:6,1
DA:7,1
DA:8,1
DA:11,2
DA:12,0
DA:13,0
DA:14,0
DA:15,0
DA:16,0
DA:17,0
DA:18,0
DA:19,0
DA:20,0
DA:22,0
DA:25,2
DA:26,0
DA:27,0
DA:28,0
DA:30,0
DA:31,0
DA:33,0
DA:37,2
DA:38,0
DA:39,0
DA:40,0
DA:41,0
DA:42,0
DA:43,0
DA:46,2
DA:47,0
DA:48,0
DA:49,0
DA:50,0
DA:51,0
DA:52,0
DA:53,0
LF:40
LH:11
BRDA:3,0,0,0
BRDA:3,0,1,1
BRDA:12,1,0,0
BRDA:12,1,1,0
BRDA:14,2,0,0
BRDA:14,2,1,0
BRDA:15,3,0,0
BRDA:15,3,1,0
BRDA:17,4,0,0
BRDA:17,4,1,0
BRDA:19,5,0,0
BRDA:19,5,1,0
BRDA:26,6,0,0
BRDA:26,6,1,0
BRDA:30,7,0,0
BRDA:30,7,1,0
BRDA:38,8,0,0
BRDA:38,8,1,0
BRDA:47,9,0,0
BRDA:47,9,1,0
BRF:20
BRH:1
end_of_record
